number,value,datetime_start,datetime_complete,duration,params_batch_size,params_dropout_rate,params_learning_rate,params_num_layers,params_num_units,params_window_size,system_attrs_tpe:relative_params:0,state
71,1.1756891286291853,2026-09-22 13:50:22.136096,2026-09-22 13:50:31.755340,0 days 00:00:09.619244,256,0.6105414798729263,0.004970307276573334,1,64,3,"{""batch_size"": 256, ""dropout_rate"": 0.6105414798729263, ""learning_rate"": 0.004970307276573334, ""num_layers"": 1, ""num_units"": 64, ""window_size"": 3}",COMPLETE
72,1.0698814150689657,2026-09-22 13:50:32.810926,2026-09-22 13:50:42.237951,0 days 00:00:09.427025,256,0.6165370639485659,0.0028565974756583406,1,224,1,"{""batch_size"": 256, ""dropout_rate"": 0.6165370639485659, ""learning_rate"": 0.0028565974756583406, ""num_layers"": 1, ""num_units"": 224, ""window_size"": 1}",COMPLETE
73,1.2293329502715753,2026-09-22 13:50:43.334544,2026-09-22 13:50:51.257424,0 days 00:00:07.922880,256,0.5194089122187211,0.002744509894979122,1,64,4,"{""batch_size"": 256, ""dropout_rate"": 0.5194089122187211, ""learning_rate"": 0.002744509894979122, ""num_layers"": 1, ""num_units"": 64, ""window_size"": 4}",COMPLETE
74,1.0670624051729616,2026-09-22 13:50:52.336382,2026-09-22 13:51:02.417629,0 days 00:00:10.081247,256,0.6267265795328256,0.0021378843236102402,1,288,1,"{""batch_size"": 256, ""dropout_rate"": 0.6267265795328256, ""learning_rate"": 0.0021378843236102402, ""num_layers"": 1, ""num_units"": 288, ""window_size"": 1}",COMPLETE
75,1.0649490883513415,2026-09-22 13:51:03.494171,2026-09-22 13:51:14.127770,0 days 00:00:10.633599,256,0.6308223035191981,0.005370656905096609,1,256,1,"{""batch_size"": 256, ""dropout_rate"": 0.6308223035191981, ""learning_rate"": 0.005370656905096609, ""num_layers"": 1, ""num_units"": 256, ""window_size"": 1}",COMPLETE
76,1.1349601084283374,2026-09-22 13:51:15.227697,2026-09-22 13:51:22.923944,0 days 00:00:07.696247,256,0.5927174356308812,0.0025131813044745417,1,256,2,"{""batch_size"": 256, ""dropout_rate"": 0.5927174356308812, ""learning_rate"": 0.0025131813044745417, ""num_layers"": 1, ""num_units"": 256, ""window_size"": 2}",COMPLETE
77,1.2051114567235632,2026-09-22 13:51:24.021590,2026-09-22 13:51:31.196072,0 days 00:00:07.174482,256,0.6288198745821264,0.004812920683112943,1,256,4,"{""batch_size"": 256, ""dropout_rate"": 0.6288198745821264, ""learning_rate"": 0.004812920683112943, ""num_layers"": 1, ""num_units"": 256, ""window_size"": 4}",COMPLETE
78,1.2855851472707385,2026-09-22 13:51:32.316869,2026-09-22 13:51:39.331242,0 days 00:00:07.014373,256,0.6596664378234506,0.00234457037128755,1,192,4,"{""batch_size"": 256, ""dropout_rate"": 0.6596664378234506, ""learning_rate"": 0.00234457037128755, ""num_layers"": 1, ""num_units"": 192, ""window_size"": 4}",COMPLETE
79,1.1878121399698593,2026-09-22 13:51:40.439278,2026-09-22 13:51:46.137425,0 days 00:00:05.698147,256,0.5572836995341137,0.005401669850469301,1,224,1,"{""batch_size"": 256, ""dropout_rate"": 0.5572836995341137, ""learning_rate"": 0.005401669850469301, ""num_layers"": 1, ""num_units"": 224, ""window_size"": 1}",COMPLETE
80,1.1806656999378158,2026-09-22 13:51:47.257461,2026-09-22 13:51:54.151043,0 days 00:00:06.893582,256,0.606632665268492,0.0023574754517762153,1,352,1,"{""batch_size"": 256, ""dropout_rate"": 0.606632665268492, ""learning_rate"": 0.0023574754517762153, ""num_layers"": 1, ""num_units"": 352, ""window_size"": 1}",COMPLETE
81,1.1631371850420171,2026-09-22 13:51:55.269943,2026-09-22 13:52:03.520699,0 days 00:00:08.250756,256,0.5875325946151355,0.0023993058438040093,1,224,5,"{""batch_size"": 256, ""dropout_rate"": 0.5875325946151355, ""learning_rate"": 0.0023993058438040093, ""num_layers"": 1, ""num_units"": 224, ""window_size"": 5}",COMPLETE
82,1.1253941600152313,2026-09-22 13:52:04.646367,2026-09-22 13:52:14.238199,0 days 00:00:09.591832,256,0.5915795791637546,0.0019274237557159579,1,32,2,"{""batch_size"": 256, ""dropout_rate"": 0.5915795791637546, ""learning_rate"": 0.0019274237557159579, ""num_layers"": 1, ""num_units"": 32, ""window_size"": 2}",COMPLETE
83,1.1446325889648195,2026-09-22 13:52:15.365709,2026-09-22 13:52:24.636636,0 days 00:00:09.270927,256,0.5623062923028103,0.007496335035772327,1,128,3,"{""batch_size"": 256, ""dropout_rate"": 0.5623062923028103, ""learning_rate"": 0.007496335035772327, ""num_layers"": 1, ""num_units"": 128, ""window_size"": 3}",COMPLETE
84,1.1555395620977023,2026-09-22 13:52:25.770795,2026-09-22 13:52:36.525237,0 days 00:00:10.754442,256,0.5814426664553434,0.001189564203619027,1,224,3,"{""batch_size"": 256, ""dropout_rate"": 0.5814426664553434, ""learning_rate"": 0.001189564203619027, ""num_layers"": 1, ""num_units"": 224, ""window_size"": 3}",COMPLETE
85,1.074468435298863,2026-09-22 13:52:37.681338,2026-09-22 13:52:47.184089,0 days 00:00:09.502751,256,0.6331712764949808,0.00285689352969501,1,160,1,"{""batch_size"": 256, ""dropout_rate"": 0.6331712764949808, ""learning_rate"": 0.00285689352969501, ""num_layers"": 1, ""num_units"": 160, ""window_size"": 1}",COMPLETE
86,1.1486035338411513,2026-09-22 13:52:48.364521,2026-09-22 13:52:57.139998,0 days 00:00:08.775477,256,0.6718114013291757,0.003952310984343775,1,224,3,"{""batch_size"": 256, ""dropout_rate"": 0.6718114013291757, ""learning_rate"": 0.003952310984343775, ""num_layers"": 1, ""num_units"": 224, ""window_size"": 3}",COMPLETE
87,1.0588713566202608,2026-09-22 13:52:58.316985,2026-09-22 13:53:11.174753,0 days 00:00:12.857768,256,0.5915244394752478,0.002455266054189795,2,256,1,"{""batch_size"": 256, ""dropout_rate"": 0.5915244394752478, ""learning_rate"": 0.002455266054189795, ""num_layers"": 2, ""num_units"": 256, ""window_size"": 1}",COMPLETE
88,1.1734928530688753,2026-09-22 13:53:12.365328,2026-09-22 13:53:23.366368,0 days 00:00:11.001040,256,0.5187523001894297,0.0060877164765080205,2,352,2,"{""batch_size"": 256, ""dropout_rate"": 0.5187523001894297, ""learning_rate"": 0.0060877164765080205, ""num_layers"": 2, ""num_units"": 352, ""window_size"": 2}",COMPLETE
89,1.1548573439125438,2026-09-22 13:53:24.570025,2026-09-22 13:53:34.350856,0 days 00:00:09.780831,256,0.6041565580292154,0.003804506884671392,1,288,6,"{""batch_size"": 256, ""dropout_rate"": 0.6041565580292154, ""learning_rate"": 0.003804506884671392, ""num_layers"": 1, ""num_units"": 288, ""window_size"": 6}",COMPLETE
90,1.1440537963971928,2026-09-22 13:53:35.556285,2026-09-22 13:53:44.091211,0 days 00:00:08.534926,256,0.554287250254757,0.006845429341916592,1,32,2,"{""batch_size"": 256, ""dropout_rate"": 0.554287250254757, ""learning_rate"": 0.006845429341916592, ""num_layers"": 1, ""num_units"": 32, ""window_size"": 2}",COMPLETE
91,1.119932058742717,2026-09-22 13:53:45.299674,2026-09-22 13:53:53.438606,0 days 00:00:08.138932,256,0.6366555925527727,0.0021027335198903815,1,128,1,"{""batch_size"": 256, ""dropout_rate"": 0.6366555925527727, ""learning_rate"": 0.0021027335198903815, ""num_layers"": 1, ""num_units"": 128, ""window_size"": 1}",COMPLETE
92,1.136619326673641,2026-09-22 13:53:54.652642,2026-09-22 13:54:02.066817,0 days 00:00:07.414175,256,0.6132681761459416,0.005323706239473323,1,160,1,"{""batch_size"": 256, ""dropout_rate"": 0.6132681761459416, ""learning_rate"": 0.005323706239473323, ""num_layers"": 1, ""num_units"": 160, ""window_size"": 1}",COMPLETE
93,1.1900014790324716,2026-09-22 13:54:03.312395,2026-09-22 13:54:14.243340,0 days 00:00:10.930945,256,0.6889204296270212,0.0032429600490258338,2,160,3,"{""batch_size"": 256, ""dropout_rate"": 0.6889204296270212, ""learning_rate"": 0.0032429600490258338, ""num_layers"": 2, ""num_units"": 160, ""window_size"": 3}",COMPLETE
94,1.0874115067968193,2026-09-22 13:54:15.530093,2026-09-22 13:54:25.277382,0 days 00:00:09.747289,256,0.5333137932860399,0.0020662421411826166,1,192,1,"{""batch_size"": 256, ""dropout_rate"": 0.5333137932860399, ""learning_rate"": 0.0020662421411826166, ""num_layers"": 1, ""num_units"": 192, ""window_size"": 1}",COMPLETE
95,1.1776938928413287,2026-09-22 13:54:26.541754,2026-09-22 13:54:35.215261,0 days 00:00:08.673507,256,0.5683422262630041,0.0022768778366907987,1,160,4,"{""batch_size"": 256, ""dropout_rate"": 0.5683422262630041, ""learning_rate"": 0.0022768778366907987, ""num_layers"": 1, ""num_units"": 160, ""window_size"": 4}",COMPLETE
96,1.1659677172652514,2026-09-22 13:54:36.451194,2026-09-22 13:54:44.180128,0 days 00:00:07.728934,256,0.5182323476058548,0.0024467809555036844,1,192,2,"{""batch_size"": 256, ""dropout_rate"": 0.5182323476058548, ""learning_rate"": 0.0024467809555036844, ""num_layers"": 1, ""num_units"": 192, ""window_size"": 2}",COMPLETE
97,1.2406758730380092,2026-09-22 13:54:45.418887,2026-09-22 13:54:53.654794,0 days 00:00:08.235907,256,0.5510338802081554,0.0011217625149734258,1,128,1,"{""batch_size"": 256, ""dropout_rate"": 0.5510338802081554, ""learning_rate"": 0.0011217625149734258, ""num_layers"": 1, ""num_units"": 128, ""window_size"": 1}",COMPLETE
98,1.076105064744365,2026-09-22 13:54:54.920299,2026-09-22 13:55:04.177019,0 days 00:00:09.256720,256,0.6556280740241193,0.0028426209132543867,1,288,1,"{""batch_size"": 256, ""dropout_rate"": 0.6556280740241193, ""learning_rate"": 0.0028426209132543867, ""num_layers"": 1, ""num_units"": 288, ""window_size"": 1}",COMPLETE
99,1.0936820354222403,2026-09-22 13:55:05.486643,2026-09-22 13:55:17.930004,0 days 00:00:12.443361,256,0.6000430241894612,0.002316228306171415,2,256,1,"{""batch_size"": 256, ""dropout_rate"": 0.6000430241894612, ""learning_rate"": 0.002316228306171415, ""num_layers"": 2, ""num_units"": 256, ""window_size"": 1}",COMPLETE
100,1.0593951218119442,2026-09-22 14:09:56.583464,2026-09-22 14:10:07.954847,0 days 00:00:11.371383,256,0.6587862655609404,0.0039874878622636655,1,352,1,"{""batch_size"": 256, ""dropout_rate"": 0.6587862655609404, ""learning_rate"": 0.0039874878622636655, ""num_layers"": 1, ""num_units"": 352, ""window_size"": 1}",COMPLETE
101,1.107237588170134,2026-09-22 14:10:09.461872,2026-09-22 14:10:21.886161,0 days 00:00:12.424289,256,0.5863680969186719,0.0045741549564930995,1,64,1,"{""batch_size"": 256, ""dropout_rate"": 0.5863680969186719, ""learning_rate"": 0.0045741549564930995, ""num_layers"": 1, ""num_units"": 64, ""window_size"": 1}",COMPLETE
102,1.096863599814988,2026-09-22 14:10:23.370647,2026-09-22 14:10:33.856053,0 days 00:00:10.485406,256,0.6150668541062622,0.002652054965464392,1,192,1,"{""batch_size"": 256, ""dropout_rate"": 0.6150668541062622, ""learning_rate"": 0.002652054965464392, ""num_layers"": 1, ""num_units"": 192, ""window_size"": 1}",COMPLETE
103,1.0758235869937203,2026-09-22 14:10:35.349326,2026-09-22 14:10:46.139605,0 days 00:00:10.790279,256,0.6318579701010206,0.004821831543712202,1,256,1,"{""batch_size"": 256, ""dropout_rate"": 0.6318579701010206, ""learning_rate"": 0.004821831543712202, ""num_layers"": 1, ""num_units"": 256, ""window_size"": 1}",COMPLETE
104,1.1495705513398045,2026-09-22 14:10:47.669853,2026-09-22 14:11:01.617129,0 days 00:00:13.947276,256,0.6432327262937558,0.0035663614052516414,2,288,2,"{""batch_size"": 256, ""dropout_rate"": 0.6432327262937558, ""learning_rate"": 0.0035663614052516414, ""num_layers"": 2, ""num_units"": 288, ""window_size"": 2}",COMPLETE
105,1.1881357257188585,2026-09-22 14:11:03.173360,2026-09-22 14:11:14.185162,0 days 00:00:11.011802,256,0.6090145087232506,0.00250425305071161,2,320,2,"{""batch_size"": 256, ""dropout_rate"": 0.6090145087232506, ""learning_rate"": 0.00250425305071161, ""num_layers"": 2, ""num_units"": 320, ""window_size"": 2}",COMPLETE
106,1.113995340898818,2026-09-22 14:11:15.754357,2026-09-22 14:11:26.622938,0 days 00:00:10.868581,256,0.6928433289797732,0.0059854522009815244,1,352,2,"{""batch_size"": 256, ""dropout_rate"": 0.6928433289797732, ""learning_rate"": 0.0059854522009815244, ""num_layers"": 1, ""num_units"": 352, ""window_size"": 2}",COMPLETE
107,1.0801530577049518,2026-09-22 14:11:28.218046,2026-09-22 14:11:39.434675,0 days 00:00:11.216629,256,0.6345831781561119,0.007492045801384086,1,288,1,"{""batch_size"": 256, ""dropout_rate"": 0.6345831781561119, ""learning_rate"": 0.007492045801384086, ""num_layers"": 1, ""num_units"": 288, ""window_size"": 1}",COMPLETE
108,1.0701884588758546,2026-09-22 14:11:40.994042,2026-09-22 14:11:54.176662,0 days 00:00:13.182620,256,0.6039458418153685,0.004745163248818451,1,256,1,"{""batch_size"": 256, ""dropout_rate"": 0.6039458418153685, ""learning_rate"": 0.004745163248818451, ""num_layers"": 1, ""num_units"": 256, ""window_size"": 1}",COMPLETE
109,1.2012389733859083,2026-09-22 14:11:55.728943,2026-09-22 14:12:05.777432,0 days 00:00:10.048489,256,0.6718580287172577,0.0024497928862078806,1,320,4,"{""batch_size"": 256, ""dropout_rate"": 0.6718580287172577, ""learning_rate"": 0.0024497928862078806, ""num_layers"": 1, ""num_units"": 320, ""window_size"": 4}",COMPLETE
110,1.1168014568044615,2026-09-22 14:12:07.361742,2026-09-22 14:12:15.961029,0 days 00:00:08.599287,256,0.62840237880788,0.007007245792702409,1,288,1,"{""batch_size"": 256, ""dropout_rate"": 0.62840237880788, ""learning_rate"": 0.007007245792702409, ""num_layers"": 1, ""num_units"": 288, ""window_size"": 1}",COMPLETE
111,1.087975211168877,2026-09-22 14:12:17.542153,2026-09-22 14:12:28.425758,0 days 00:00:10.883605,256,0.6554182283479542,0.0054470438809798806,1,224,1,"{""batch_size"": 256, ""dropout_rate"": 0.6554182283479542, ""learning_rate"": 0.0054470438809798806, ""num_layers"": 1, ""num_units"": 224, ""window_size"": 1}",COMPLETE
112,1.0683757684370367,2026-09-22 14:12:30.005473,2026-09-22 14:12:41.619216,0 days 00:00:11.613743,256,0.643762245787307,0.003425478642432106,1,320,1,"{""batch_size"": 256, ""dropout_rate"": 0.643762245787307, ""learning_rate"": 0.003425478642432106, ""num_layers"": 1, ""num_units"": 320, ""window_size"": 1}",COMPLETE
113,1.138217237276194,2026-09-22 14:12:43.221055,2026-09-22 14:12:55.207070,0 days 00:00:11.986015,256,0.6479470475584104,0.007833416622750436,1,352,3,"{""batch_size"": 256, ""dropout_rate"": 0.6479470475584104, ""learning_rate"": 0.007833416622750436, ""num_layers"": 1, ""num_units"": 352, ""window_size"": 3}",COMPLETE
114,1.128433830660686,2026-09-22 14:12:56.848358,2026-09-22 14:13:07.737560,0 days 00:00:10.889202,256,0.6498514683667169,0.00783005150829708,1,256,4,"{""batch_size"": 256, ""dropout_rate"": 0.6498514683667169, ""learning_rate"": 0.00783005150829708, ""num_layers"": 1, ""num_units"": 256, ""window_size"": 4}",COMPLETE
115,1.075282235773296,2026-09-22 14:13:09.335703,2026-09-22 14:13:19.595232,0 days 00:00:10.259529,256,0.6765702083325197,0.0029183306602722685,1,128,1,"{""batch_size"": 256, ""dropout_rate"": 0.6765702083325197, ""learning_rate"": 0.0029183306602722685, ""num_layers"": 1, ""num_units"": 128, ""window_size"": 1}",COMPLETE
116,1.070371879954379,2026-09-22 14:13:21.237342,2026-09-22 14:13:31.344566,0 days 00:00:10.107224,256,0.6987980711315329,0.002353918459837893,1,352,1,"{""batch_size"": 256, ""dropout_rate"": 0.6987980711315329, ""learning_rate"": 0.002353918459837893, ""num_layers"": 1, ""num_units"": 352, ""window_size"": 1}",COMPLETE
117,1.0743276926053427,2026-09-22 14:13:32.997426,2026-09-22 14:13:46.711382,0 days 00:00:13.713956,64,0.6318355161630824,0.0033312047219503345,1,288,1,"{""batch_size"": 64, ""dropout_rate"": 0.6318355161630824, ""learning_rate"": 0.0033312047219503345, ""num_layers"": 1, ""num_units"": 288, ""window_size"": 1}",COMPLETE
118,1.0922921114218043,2026-09-22 14:13:48.337862,2026-09-22 14:13:58.984761,0 days 00:00:10.646899,256,0.690168832555889,0.0017743734151571353,1,384,1,"{""batch_size"": 256, ""dropout_rate"": 0.690168832555889, ""learning_rate"": 0.0017743734151571353, ""num_layers"": 1, ""num_units"": 384, ""window_size"": 1}",COMPLETE
119,1.1521990514955285,2026-09-22 14:14:00.636294,2026-09-22 14:14:11.774378,0 days 00:00:11.138084,256,0.6161209129763136,0.004426270861537273,1,352,4,"{""batch_size"": 256, ""dropout_rate"": 0.6161209129763136, ""learning_rate"": 0.004426270861537273, ""num_layers"": 1, ""num_units"": 352, ""window_size"": 4}",COMPLETE
120,1.082209431464053,2026-09-22 14:14:13.418174,2026-09-22 14:14:23.984308,0 days 00:00:10.566134,256,0.6846314606200693,0.003585008984029653,1,384,1,"{""batch_size"": 256, ""dropout_rate"": 0.6846314606200693, ""learning_rate"": 0.003585008984029653, ""num_layers"": 1, ""num_units"": 384, ""window_size"": 1}",COMPLETE
121,1.0795280327653793,2026-09-22 14:14:25.616410,2026-09-22 14:14:37.131307,0 days 00:00:11.514897,256,0.6614970677106501,0.0025747706070703095,1,288,2,"{""batch_size"": 256, ""dropout_rate"": 0.6614970677106501, ""learning_rate"": 0.0025747706070703095, ""num_layers"": 1, ""num_units"": 288, ""window_size"": 2}",COMPLETE
122,1.0732943523434593,2026-09-22 14:14:38.766973,2026-09-22 14:14:49.156107,0 days 00:00:10.389134,256,0.5914509119503345,0.0038543447058780453,1,224,1,"{""batch_size"": 256, ""dropout_rate"": 0.5914509119503345, ""learning_rate"": 0.0038543447058780453, ""num_layers"": 1, ""num_units"": 224, ""window_size"": 1}",COMPLETE
123,1.2089955558281509,2026-09-22 14:14:50.818688,2026-09-22 14:14:57.641917,0 days 00:00:06.823229,256,0.6220818312751105,0.004420827438225406,1,352,1,"{""batch_size"": 256, ""dropout_rate"": 0.6220818312751105, ""learning_rate"": 0.004420827438225406, ""num_layers"": 1, ""num_units"": 352, ""window_size"": 1}",COMPLETE
124,1.1300376979853384,2026-09-22 14:14:59.277611,2026-09-22 14:15:09.759738,0 days 00:00:10.482127,256,0.5639586755177911,0.005241671755346299,1,160,3,"{""batch_size"": 256, ""dropout_rate"": 0.5639586755177911, ""learning_rate"": 0.005241671755346299, ""num_layers"": 1, ""num_units"": 160, ""window_size"": 3}",COMPLETE
125,1.0736799104914294,2026-09-22 14:15:11.403083,2026-09-22 14:15:22.170686,0 days 00:00:10.767603,256,0.6084627808131244,0.0033838222470129456,1,288,1,"{""batch_size"": 256, ""dropout_rate"": 0.6084627808131244, ""learning_rate"": 0.0033838222470129456, ""num_layers"": 1, ""num_units"": 288, ""window_size"": 1}",COMPLETE
126,1.1658388541600764,2026-09-22 14:15:23.843369,2026-09-22 14:15:35.978590,0 days 00:00:12.135221,256,0.5553207276346106,0.0025673491956149123,2,224,2,"{""batch_size"": 256, ""dropout_rate"": 0.5553207276346106, ""learning_rate"": 0.0025673491956149123, ""num_layers"": 2, ""num_units"": 224, ""window_size"": 2}",COMPLETE
127,1.0629983401446437,2026-09-22 14:15:37.690405,2026-09-22 14:15:49.372293,0 days 00:00:11.681888,256,0.6968942117706836,0.002520849975391199,1,128,1,"{""batch_size"": 256, ""dropout_rate"": 0.6968942117706836, ""learning_rate"": 0.002520849975391199, ""num_layers"": 1, ""num_units"": 128, ""window_size"": 1}",COMPLETE
128,1.134912804512902,2026-09-22 14:15:51.065351,2026-09-22 14:16:03.338427,0 days 00:00:12.273076,256,0.6437747997337493,0.004189866707227402,1,416,3,"{""batch_size"": 256, ""dropout_rate"": 0.6437747997337493, ""learning_rate"": 0.004189866707227402, ""num_layers"": 1, ""num_units"": 416, ""window_size"": 3}",COMPLETE
129,1.1437101672678542,2026-09-22 14:16:05.072846,2026-09-22 14:16:14.784872,0 days 00:00:09.712026,64,0.5986552668887992,0.0052449748947575765,1,256,2,"{""batch_size"": 64, ""dropout_rate"": 0.5986552668887992, ""learning_rate"": 0.0052449748947575765, ""num_layers"": 1, ""num_units"": 256, ""window_size"": 2}",COMPLETE
130,1.152571205001295,2026-09-22 14:16:16.493210,2026-09-22 14:16:25.912907,0 days 00:00:09.419697,256,0.5244596447141623,0.006187519681757441,1,192,2,"{""batch_size"": 256, ""dropout_rate"": 0.5244596447141623, ""learning_rate"": 0.006187519681757441, ""num_layers"": 1, ""num_units"": 192, ""window_size"": 2}",COMPLETE
131,1.1240837094372094,2026-09-22 14:16:27.630086,2026-09-22 14:16:39.648050,0 days 00:00:12.017964,256,0.6575604415799642,0.0026967054795598196,1,32,2,"{""batch_size"": 256, ""dropout_rate"": 0.6575604415799642, ""learning_rate"": 0.0026967054795598196, ""num_layers"": 1, ""num_units"": 32, ""window_size"": 2}",COMPLETE
132,1.1163496118511667,2026-09-22 14:16:41.398800,2026-09-22 14:16:53.097805,0 days 00:00:11.699005,256,0.5665424350569889,0.0039923223774680034,1,288,2,"{""batch_size"": 256, ""dropout_rate"": 0.5665424350569889, ""learning_rate"": 0.0039923223774680034, ""num_layers"": 1, ""num_units"": 288, ""window_size"": 2}",COMPLETE
133,1.077501687483939,2026-09-22 14:16:54.832290,2026-09-22 14:17:04.330712,0 days 00:00:09.498422,64,0.668911125100512,0.0053167480750867455,1,320,1,"{""batch_size"": 64, ""dropout_rate"": 0.668911125100512, ""learning_rate"": 0.0053167480750867455, ""num_layers"": 1, ""num_units"": 320, ""window_size"": 1}",COMPLETE
134,1.2047779044620432,2026-09-22 14:17:06.085586,2026-09-22 14:17:14.010959,0 days 00:00:07.925373,256,0.5959605063963652,0.00163043715460004,1,320,1,"{""batch_size"": 256, ""dropout_rate"": 0.5959605063963652, ""learning_rate"": 0.00163043715460004, ""num_layers"": 1, ""num_units"": 320, ""window_size"": 1}",COMPLETE
135,1.0730219559190783,2026-09-22 14:17:15.762357,2026-09-22 14:17:26.778362,0 days 00:00:11.016005,256,0.5685279235995203,0.008404636640890167,1,224,1,"{""batch_size"": 256, ""dropout_rate"": 0.5685279235995203, ""learning_rate"": 0.008404636640890167, ""num_layers"": 1, ""num_units"": 224, ""window_size"": 1}",COMPLETE
136,1.1801744682485897,2026-09-22 14:17:28.514519,2026-09-22 14:17:38.079575,0 days 00:00:09.565056,256,0.5910339389684487,0.002190840761443055,1,320,3,"{""batch_size"": 256, ""dropout_rate"": 0.5910339389684487, ""learning_rate"": 0.002190840761443055, ""num_layers"": 1, ""num_units"": 320, ""window_size"": 3}",COMPLETE
137,1.2032613716344216,2026-09-22 14:17:39.845461,2026-09-22 14:17:47.694211,0 days 00:00:07.848750,256,0.5790929455936223,0.004710353655572388,1,288,4,"{""batch_size"": 256, ""dropout_rate"": 0.5790929455936223, ""learning_rate"": 0.004710353655572388, ""num_layers"": 1, ""num_units"": 288, ""window_size"": 4}",COMPLETE
