number,value,datetime_start,datetime_complete,duration,params_batch_size,params_dropout_rate,params_learning_rate,params_num_layers,params_num_units,params_window_size,system_attrs_tpe:relative_params:0,state
272,1.0802756910058655,2026-09-22 14:53:25.306574,2026-09-22 14:53:39.462578,0 days 00:00:14.156004,256,0.5814522442479229,0.0015436924720688239,1,160,1,"{""batch_size"": 256, ""dropout_rate"": 0.5814522442479229, ""learning_rate"": 0.0015436924720688239, ""num_layers"": 1, ""num_units"": 160, ""window_size"": 1}",COMPLETE
273,1.0683543511256604,2026-09-22 14:53:42.508878,2026-09-22 14:53:58.554871,0 days 00:00:16.045993,32,0.69211659448945,0.0007839422398049609,1,320,1,"{""batch_size"": 32, ""dropout_rate"": 0.69211659448945, ""learning_rate"": 0.0007839422398049609, ""num_layers"": 1, ""num_units"": 320, ""window_size"": 1}",COMPLETE
274,1.137317752782667,2026-09-22 14:54:01.576138,2026-09-22 14:54:17.228060,0 days 00:00:15.651922,32,0.6865249163830505,0.000872926409634215,1,352,2,"{""batch_size"": 32, ""dropout_rate"": 0.6865249163830505, ""learning_rate"": 0.000872926409634215, ""num_layers"": 1, ""num_units"": 352, ""window_size"": 2}",COMPLETE
275,1.0872859169141516,2026-09-22 14:54:20.245776,2026-09-22 14:54:33.149997,0 days 00:00:12.904221,256,0.4868288931720211,0.004015823239209266,1,384,1,"{""batch_size"": 256, ""dropout_rate"": 0.4868288931720211, ""learning_rate"": 0.004015823239209266, ""num_layers"": 1, ""num_units"": 384, ""window_size"": 1}",COMPLETE
276,1.1192479402544235,2026-09-22 14:54:36.129135,2026-09-22 14:54:52.232998,0 days 00:00:16.103863,32,0.6810658032602965,0.0014054007395348977,1,448,2,"{""batch_size"": 32, ""dropout_rate"": 0.6810658032602965, ""learning_rate"": 0.0014054007395348977, ""num_layers"": 1, ""num_units"": 448, ""window_size"": 2}",COMPLETE
277,1.08276665080628,2026-09-22 14:54:55.233759,2026-09-22 14:55:08.623969,0 days 00:00:13.390210,256,0.6614516783334438,0.005420549671728009,1,480,1,"{""batch_size"": 256, ""dropout_rate"": 0.6614516783334438, ""learning_rate"": 0.005420549671728009, ""num_layers"": 1, ""num_units"": 480, ""window_size"": 1}",COMPLETE
278,1.1324674804095727,2026-09-22 14:55:11.682073,2026-09-22 14:55:27.208183,0 days 00:00:15.526110,32,0.6466893019854754,0.0009229925342511284,1,288,2,"{""batch_size"": 32, ""dropout_rate"": 0.6466893019854754, ""learning_rate"": 0.0009229925342511284, ""num_layers"": 1, ""num_units"": 288, ""window_size"": 2}",COMPLETE
279,1.1264259169923976,2026-09-22 14:55:30.337859,2026-09-22 14:55:50.925702,0 days 00:00:20.587843,32,0.6607597220655712,0.0005808558064110018,2,320,1,"{""batch_size"": 32, ""dropout_rate"": 0.6607597220655712, ""learning_rate"": 0.0005808558064110018, ""num_layers"": 2, ""num_units"": 320, ""window_size"": 1}",COMPLETE
280,1.074106933147461,2026-09-22 14:55:53.931714,2026-09-22 14:56:11.475038,0 days 00:00:17.543324,32,0.6594069878962387,0.0006252249917800157,1,320,1,"{""batch_size"": 32, ""dropout_rate"": 0.6594069878962387, ""learning_rate"": 0.0006252249917800157, ""num_layers"": 1, ""num_units"": 320, ""window_size"": 1}",COMPLETE
281,1.0764180941851584,2026-09-22 14:56:14.512345,2026-09-22 14:56:32.469044,0 days 00:00:17.956699,256,0.5916667430082209,0.0027609392251887357,2,192,1,"{""batch_size"": 256, ""dropout_rate"": 0.5916667430082209, ""learning_rate"": 0.0027609392251887357, ""num_layers"": 2, ""num_units"": 192, ""window_size"": 1}",COMPLETE
282,1.1100857747375745,2026-09-22 14:56:35.507913,2026-09-22 14:56:52.502202,0 days 00:00:16.994289,32,0.6831263780190583,0.0018857459760060911,1,256,2,"{""batch_size"": 32, ""dropout_rate"": 0.6831263780190583, ""learning_rate"": 0.0018857459760060911, ""num_layers"": 1, ""num_units"": 256, ""window_size"": 2}",COMPLETE
283,1.1605889808906513,2026-09-22 14:56:55.564355,2026-09-22 14:57:10.643927,0 days 00:00:15.079572,64,0.6665513982668354,0.0011323786700271543,1,320,3,"{""batch_size"": 64, ""dropout_rate"": 0.6665513982668354, ""learning_rate"": 0.0011323786700271543, ""num_layers"": 1, ""num_units"": 320, ""window_size"": 3}",COMPLETE
284,1.0981893760116617,2026-09-22 14:57:13.663078,2026-09-22 14:57:34.915917,0 days 00:00:21.252839,32,0.692312475948008,0.0009124481606088318,1,256,2,"{""batch_size"": 32, ""dropout_rate"": 0.692312475948008, ""learning_rate"": 0.0009124481606088318, ""num_layers"": 1, ""num_units"": 256, ""window_size"": 2}",COMPLETE
285,1.1184682542184832,2026-09-22 14:57:37.966337,2026-09-22 14:57:55.764202,0 days 00:00:17.797865,32,0.6829490044966894,0.0007790153693669574,1,192,1,"{""batch_size"": 32, ""dropout_rate"": 0.6829490044966894, ""learning_rate"": 0.0007790153693669574, ""num_layers"": 1, ""num_units"": 192, ""window_size"": 1}",COMPLETE
286,1.0934837534491757,2026-09-22 14:57:58.849573,2026-09-22 14:58:15.822715,0 days 00:00:16.973142,32,0.6650804630141847,0.0007641239106444908,1,416,1,"{""batch_size"": 32, ""dropout_rate"": 0.6650804630141847, ""learning_rate"": 0.0007641239106444908, ""num_layers"": 1, ""num_units"": 416, ""window_size"": 1}",COMPLETE
287,1.2444334471880556,2026-09-22 14:58:18.923044,2026-09-22 14:58:36.983090,0 days 00:00:18.060046,32,0.687225807155392,0.0006023623947875031,2,352,3,"{""batch_size"": 32, ""dropout_rate"": 0.687225807155392, ""learning_rate"": 0.0006023623947875031, ""num_layers"": 2, ""num_units"": 352, ""window_size"": 3}",COMPLETE
288,1.1658030922858387,2026-09-22 14:58:40.071696,2026-09-22 14:58:54.215196,0 days 00:00:14.143500,256,0.6765308061820242,0.008681048636170407,1,480,3,"{""batch_size"": 256, ""dropout_rate"": 0.6765308061820242, ""learning_rate"": 0.008681048636170407, ""num_layers"": 1, ""num_units"": 480, ""window_size"": 3}",COMPLETE
289,1.1860545103915507,2026-09-22 14:58:57.365643,2026-09-22 14:59:17.463016,0 days 00:00:20.097373,256,0.6827013963305744,0.0009004792326033238,3,320,1,"{""batch_size"": 256, ""dropout_rate"": 0.6827013963305744, ""learning_rate"": 0.0009004792326033238, ""num_layers"": 3, ""num_units"": 320, ""window_size"": 1}",COMPLETE
290,1.1771240750603038,2026-09-22 14:59:20.604198,2026-09-22 14:59:37.013325,0 days 00:00:16.409127,32,0.6581039492755846,0.0006174933033732791,2,384,1,"{""batch_size"": 32, ""dropout_rate"": 0.6581039492755846, ""learning_rate"": 0.0006174933033732791, ""num_layers"": 2, ""num_units"": 384, ""window_size"": 1}",COMPLETE
291,1.0762064981522441,2026-09-22 14:59:40.143065,2026-09-22 14:59:54.041515,0 days 00:00:13.898450,256,0.6746254477762196,0.008654431384915002,1,416,1,"{""batch_size"": 256, ""dropout_rate"": 0.6746254477762196, ""learning_rate"": 0.008654431384915002, ""num_layers"": 1, ""num_units"": 416, ""window_size"": 1}",COMPLETE
292,1.0657294295591961,2026-09-22 14:59:57.188669,2026-09-22 15:00:23.389112,0 days 00:00:26.200443,32,0.6992967813004874,0.002121191039730247,2,288,1,"{""batch_size"": 32, ""dropout_rate"": 0.6992967813004874, ""learning_rate"": 0.002121191039730247, ""num_layers"": 2, ""num_units"": 288, ""window_size"": 1}",COMPLETE
293,1.0854611039105688,2026-09-22 15:00:26.567176,2026-09-22 15:00:42.292425,0 days 00:00:15.725249,32,0.6915575721280324,0.0012862468082562477,1,384,1,"{""batch_size"": 32, ""dropout_rate"": 0.6915575721280324, ""learning_rate"": 0.0012862468082562477, ""num_layers"": 1, ""num_units"": 384, ""window_size"": 1}",COMPLETE
294,1.1226716662533736,2026-09-22 15:00:45.424822,2026-09-22 15:00:59.657579,0 days 00:00:14.232757,256,0.6564510212055332,0.005074965160238431,1,352,3,"{""batch_size"": 256, ""dropout_rate"": 0.6564510212055332, ""learning_rate"": 0.005074965160238431, ""num_layers"": 1, ""num_units"": 352, ""window_size"": 3}",COMPLETE
295,1.1722387840007509,2026-09-22 15:01:02.861752,2026-09-22 15:01:25.206911,0 days 00:00:22.345159,32,0.693432460922389,0.0018865423899937165,2,256,2,"{""batch_size"": 32, ""dropout_rate"": 0.693432460922389, ""learning_rate"": 0.0018865423899937165, ""num_layers"": 2, ""num_units"": 256, ""window_size"": 2}",COMPLETE
296,1.0755222920685963,2026-09-22 15:01:28.404719,2026-09-22 15:01:42.933971,0 days 00:00:14.529252,256,0.6187357696227449,0.002335580340138307,1,256,1,"{""batch_size"": 256, ""dropout_rate"": 0.6187357696227449, ""learning_rate"": 0.002335580340138307, ""num_layers"": 1, ""num_units"": 256, ""window_size"": 1}",COMPLETE
297,1.2956586019078038,2026-09-22 15:01:46.084802,2026-09-22 15:02:05.843157,0 days 00:00:19.758355,32,0.6664249468587855,0.0015031484172907306,3,288,3,"{""batch_size"": 32, ""dropout_rate"": 0.6664249468587855, ""learning_rate"": 0.0015031484172907306, ""num_layers"": 3, ""num_units"": 288, ""window_size"": 3}",COMPLETE
298,1.1553306640666599,2026-09-22 15:02:09.068548,2026-09-22 15:02:24.997612,0 days 00:00:15.929064,16,0.6907945377538696,0.0025985387434885663,1,256,3,"{""batch_size"": 16, ""dropout_rate"": 0.6907945377538696, ""learning_rate"": 0.0025985387434885663, ""num_layers"": 1, ""num_units"": 256, ""window_size"": 3}",COMPLETE
299,1.1212899916995853,2026-09-22 15:02:28.199560,2026-09-22 15:02:40.352020,0 days 00:00:12.152460,256,0.6424268985962688,0.006638228916837039,1,384,1,"{""batch_size"": 256, ""dropout_rate"": 0.6424268985962688, ""learning_rate"": 0.006638228916837039, ""num_layers"": 1, ""num_units"": 384, ""window_size"": 1}",COMPLETE
300,1.0772488048595439,2026-09-22 15:02:43.620211,2026-09-22 15:03:03.338440,0 days 00:00:19.718229,32,0.6922253426057032,0.0012923350722575217,1,288,2,"{""batch_size"": 32, ""dropout_rate"": 0.6922253426057032, ""learning_rate"": 0.0012923350722575217, ""num_layers"": 1, ""num_units"": 288, ""window_size"": 2}",COMPLETE
301,1.1795389220750359,2026-09-22 15:03:06.611891,2026-09-22 15:03:24.918899,0 days 00:00:18.307008,32,0.6348013115641776,0.0009550873539276983,1,384,4,"{""batch_size"": 32, ""dropout_rate"": 0.6348013115641776, ""learning_rate"": 0.0009550873539276983, ""num_layers"": 1, ""num_units"": 384, ""window_size"": 4}",COMPLETE
302,1.2110073058854065,2026-09-22 15:03:28.125269,2026-09-22 15:03:38.227246,0 days 00:00:10.101977,256,0.57276684105093,0.003284566796648732,1,352,1,"{""batch_size"": 256, ""dropout_rate"": 0.57276684105093, ""learning_rate"": 0.003284566796648732, ""num_layers"": 1, ""num_units"": 352, ""window_size"": 1}",COMPLETE
303,1.1121029920739494,2026-09-22 15:03:41.435655,2026-09-22 15:03:57.584066,0 days 00:00:16.148411,256,0.607517822481913,0.0017489641103401357,2,224,1,"{""batch_size"": 256, ""dropout_rate"": 0.607517822481913, ""learning_rate"": 0.0017489641103401357, ""num_layers"": 2, ""num_units"": 224, ""window_size"": 1}",COMPLETE
304,1.1111586258092363,2026-09-22 15:04:00.825425,2026-09-22 15:04:14.127177,0 days 00:00:13.301752,256,0.6181953829280094,0.0010479329634333371,1,224,1,"{""batch_size"": 256, ""dropout_rate"": 0.6181953829280094, ""learning_rate"": 0.0010479329634333371, ""num_layers"": 1, ""num_units"": 224, ""window_size"": 1}",COMPLETE
305,1.131126626388917,2026-09-22 15:04:17.365761,2026-09-22 15:04:34.950420,0 days 00:00:17.584659,256,0.5866979970826808,0.0018383322599035289,2,320,2,"{""batch_size"": 256, ""dropout_rate"": 0.5866979970826808, ""learning_rate"": 0.0018383322599035289, ""num_layers"": 2, ""num_units"": 320, ""window_size"": 2}",COMPLETE
306,1.1502413534404123,2026-09-22 15:04:38.182122,2026-09-22 15:04:50.371124,0 days 00:00:12.189002,256,0.4893694428721327,0.002176678347065673,1,352,3,"{""batch_size"": 256, ""dropout_rate"": 0.4893694428721327, ""learning_rate"": 0.002176678347065673, ""num_layers"": 1, ""num_units"": 352, ""window_size"": 3}",COMPLETE
307,1.1718938064766629,2026-09-22 15:04:53.620690,2026-09-22 15:05:07.999955,0 days 00:00:14.379265,256,0.5619259766411078,0.0025337966865800646,2,288,2,"{""batch_size"": 256, ""dropout_rate"": 0.5619259766411078, ""learning_rate"": 0.0025337966865800646, ""num_layers"": 2, ""num_units"": 288, ""window_size"": 2}",COMPLETE
308,1.0535794754513506,2026-09-22 15:05:11.307987,2026-09-22 15:05:28.797187,0 days 00:00:17.489200,32,0.6443463806524385,0.0023282003457408495,1,288,1,"{""batch_size"": 32, ""dropout_rate"": 0.6443463806524385, ""learning_rate"": 0.0023282003457408495, ""num_layers"": 1, ""num_units"": 288, ""window_size"": 1}",COMPLETE
309,1.113683557285129,2026-09-22 15:05:32.101131,2026-09-22 15:05:44.365164,0 days 00:00:12.264033,256,0.6586921599610325,0.004240534849146899,1,320,1,"{""batch_size"": 256, ""dropout_rate"": 0.6586921599610325, ""learning_rate"": 0.004240534849146899, ""num_layers"": 1, ""num_units"": 320, ""window_size"": 1}",COMPLETE
310,1.0839382676179705,2026-09-22 15:05:47.671686,2026-09-22 15:06:01.694385,0 days 00:00:14.022699,32,0.6154890137006113,0.0017532405838200894,1,256,1,"{""batch_size"": 32, ""dropout_rate"": 0.6154890137006113, ""learning_rate"": 0.0017532405838200894, ""num_layers"": 1, ""num_units"": 256, ""window_size"": 1}",COMPLETE
311,1.139414908858475,2026-09-22 15:06:04.969014,2026-09-22 15:06:26.573137,0 days 00:00:21.604123,32,0.6552915034611021,0.0010058798651152898,1,192,3,"{""batch_size"": 32, ""dropout_rate"": 0.6552915034611021, ""learning_rate"": 0.0010058798651152898, ""num_layers"": 1, ""num_units"": 192, ""window_size"": 3}",COMPLETE
312,1.2018412250868344,2026-09-22 15:06:29.908210,2026-09-22 15:06:45.208917,0 days 00:00:15.300707,256,0.45965613488974394,0.001819617882386951,2,384,3,"{""batch_size"": 256, ""dropout_rate"": 0.45965613488974394, ""learning_rate"": 0.001819617882386951, ""num_layers"": 2, ""num_units"": 384, ""window_size"": 3}",COMPLETE
313,1.0601845908667218,2026-09-22 15:06:48.501788,2026-09-22 15:07:12.123776,0 days 00:00:23.621988,32,0.6863414814774111,0.002616952301109201,2,256,1,"{""batch_size"": 32, ""dropout_rate"": 0.6863414814774111, ""learning_rate"": 0.002616952301109201, ""num_layers"": 2, ""num_units"": 256, ""window_size"": 1}",COMPLETE
314,1.2025430705717424,2026-09-22 15:07:15.470316,2026-09-22 15:07:42.090811,0 days 00:00:26.620495,32,0.6517785370848059,0.0023478981296043908,3,352,2,"{""batch_size"": 32, ""dropout_rate"": 0.6517785370848059, ""learning_rate"": 0.0023478981296043908, ""num_layers"": 3, ""num_units"": 352, ""window_size"": 2}",COMPLETE
315,1.181659506750053,2026-09-22 15:07:45.437216,2026-09-22 15:08:05.892220,0 days 00:00:20.455004,32,0.6867886452925192,0.003542440268028864,2,256,2,"{""batch_size"": 32, ""dropout_rate"": 0.6867886452925192, ""learning_rate"": 0.003542440268028864, ""num_layers"": 2, ""num_units"": 256, ""window_size"": 2}",COMPLETE
316,1.075663131377922,2026-09-22 15:08:09.317757,2026-09-22 15:08:25.762470,0 days 00:00:16.444713,512,0.6722673835163175,0.0036597092176878236,1,256,1,"{""batch_size"": 512, ""dropout_rate"": 0.6722673835163175, ""learning_rate"": 0.0036597092176878236, ""num_layers"": 1, ""num_units"": 256, ""window_size"": 1}",COMPLETE
317,1.0887521773657292,2026-09-22 15:08:29.137136,2026-09-22 15:08:46.187946,0 days 00:00:17.050810,256,0.5300806656715362,0.0013993020991529858,2,416,1,"{""batch_size"": 256, ""dropout_rate"": 0.5300806656715362, ""learning_rate"": 0.0013993020991529858, ""num_layers"": 2, ""num_units"": 416, ""window_size"": 1}",COMPLETE
318,1.0870011364592005,2026-09-22 15:08:49.535878,2026-09-22 15:09:05.195370,0 days 00:00:15.659492,256,0.6002179914839879,0.004880989264642314,1,448,1,"{""batch_size"": 256, ""dropout_rate"": 0.6002179914839879, ""learning_rate"": 0.004880989264642314, ""num_layers"": 1, ""num_units"": 448, ""window_size"": 1}",COMPLETE
319,1.1270135906697654,2026-09-22 15:09:08.575757,2026-09-22 15:09:25.017180,0 days 00:00:16.441423,256,0.5515359698516616,0.0010977694221274785,2,320,1,"{""batch_size"": 256, ""dropout_rate"": 0.5515359698516616, ""learning_rate"": 0.0010977694221274785, ""num_layers"": 2, ""num_units"": 320, ""window_size"": 1}",COMPLETE
320,1.1428268871877327,2026-09-22 15:09:28.422909,2026-09-22 15:09:43.774118,0 days 00:00:15.351209,256,0.5257655723476131,0.001675995361157313,1,320,3,"{""batch_size"": 256, ""dropout_rate"": 0.5257655723476131, ""learning_rate"": 0.001675995361157313, ""num_layers"": 1, ""num_units"": 320, ""window_size"": 3}",COMPLETE
321,1.078559057724904,2026-09-22 15:09:47.246648,2026-09-22 15:10:10.792796,0 days 00:00:23.546148,32,0.6687910196469262,0.002682566349385827,2,224,1,"{""batch_size"": 32, ""dropout_rate"": 0.6687910196469262, ""learning_rate"": 0.002682566349385827, ""num_layers"": 2, ""num_units"": 224, ""window_size"": 1}",COMPLETE
322,1.2980440256263452,2026-09-22 15:10:14.270279,2026-09-22 15:10:27.760005,0 days 00:00:13.489726,256,0.5441969174591975,0.0015435491775232636,2,352,3,"{""batch_size"": 256, ""dropout_rate"": 0.5441969174591975, ""learning_rate"": 0.0015435491775232636, ""num_layers"": 2, ""num_units"": 352, ""window_size"": 3}",COMPLETE
323,1.1199684885517056,2026-09-22 15:10:31.197105,2026-09-22 15:10:53.552467,0 days 00:00:22.355362,32,0.6648984854349714,0.00039415724489593764,1,288,2,"{""batch_size"": 32, ""dropout_rate"": 0.6648984854349714, ""learning_rate"": 0.00039415724489593764, ""num_layers"": 1, ""num_units"": 288, ""window_size"": 2}",COMPLETE
324,1.0868540047842623,2026-09-22 15:10:56.976385,2026-09-22 15:11:16.029247,0 days 00:00:19.052862,32,0.6976534899884832,0.002490274329366659,2,288,1,"{""batch_size"": 32, ""dropout_rate"": 0.6976534899884832, ""learning_rate"": 0.002490274329366659, ""num_layers"": 2, ""num_units"": 288, ""window_size"": 1}",COMPLETE
325,1.1537364679522923,2026-09-22 15:11:19.474233,2026-09-22 15:11:34.023243,0 days 00:00:14.549010,256,0.683489507880403,0.001422670606596884,1,128,2,"{""batch_size"": 256, ""dropout_rate"": 0.683489507880403, ""learning_rate"": 0.001422670606596884, ""num_layers"": 1, ""num_units"": 128, ""window_size"": 2}",COMPLETE
326,1.05478393891903,2026-09-22 15:11:37.451830,2026-09-22 15:11:53.741461,0 days 00:00:16.289631,32,0.6770784029309631,0.0019711143838568685,1,320,1,"{""batch_size"": 32, ""dropout_rate"": 0.6770784029309631, ""learning_rate"": 0.0019711143838568685, ""num_layers"": 1, ""num_units"": 320, ""window_size"": 1}",COMPLETE
327,1.0961198500653326,2026-09-22 15:11:57.176175,2026-09-22 15:12:14.446822,0 days 00:00:17.270647,256,0.5635371295582294,0.0017018629836158033,2,192,1,"{""batch_size"": 256, ""dropout_rate"": 0.5635371295582294, ""learning_rate"": 0.0017018629836158033, ""num_layers"": 2, ""num_units"": 192, ""window_size"": 1}",COMPLETE
328,1.2373041969310328,2026-09-22 15:12:17.962054,2026-09-22 15:12:32.567057,0 days 00:00:14.605003,512,0.6848877837729634,0.0024861874240691257,2,352,2,"{""batch_size"": 512, ""dropout_rate"": 0.6848877837729634, ""learning_rate"": 0.0024861874240691257, ""num_layers"": 2, ""num_units"": 352, ""window_size"": 2}",COMPLETE
329,1.0720419905224141,2026-09-22 15:12:36.043540,2026-09-22 15:12:51.739381,0 days 00:00:15.695841,32,0.6318143055290218,0.0020747558319634987,1,320,1,"{""batch_size"": 32, ""dropout_rate"": 0.6318143055290218, ""learning_rate"": 0.0020747558319634987, ""num_layers"": 1, ""num_units"": 320, ""window_size"": 1}",COMPLETE
330,1.143021698292253,2026-09-22 15:12:55.473000,2026-09-22 15:13:09.369022,0 days 00:00:13.896022,128,0.682178866655954,0.0015621842399407015,1,320,3,"{""batch_size"": 128, ""dropout_rate"": 0.682178866655954, ""learning_rate"": 0.0015621842399407015, ""num_layers"": 1, ""num_units"": 320, ""window_size"": 3}",COMPLETE
331,1.145559086766902,2026-09-22 15:13:12.879889,2026-09-22 15:13:31.308033,0 days 00:00:18.428144,32,0.6171185822663554,0.0012476264604723269,1,224,3,"{""batch_size"": 32, ""dropout_rate"": 0.6171185822663554, ""learning_rate"": 0.0012476264604723269, ""num_layers"": 1, ""num_units"": 224, ""window_size"": 3}",COMPLETE
332,1.1202128858245008,2026-09-22 15:13:34.905591,2026-09-22 15:13:47.942568,0 days 00:00:13.036977,256,0.6691444509781382,0.008883262995508397,1,320,1,"{""batch_size"": 256, ""dropout_rate"": 0.6691444509781382, ""learning_rate"": 0.008883262995508397, ""num_layers"": 1, ""num_units"": 320, ""window_size"": 1}",COMPLETE
333,1.1417341481881782,2026-09-22 15:13:51.471893,2026-09-22 15:14:03.293932,0 days 00:00:11.822039,256,0.5072139047875674,0.0029013352909810076,1,128,2,"{""batch_size"": 256, ""dropout_rate"": 0.5072139047875674, ""learning_rate"": 0.0029013352909810076, ""num_layers"": 1, ""num_units"": 128, ""window_size"": 2}",COMPLETE
334,1.0816399239158705,2026-09-22 15:14:06.809075,2026-09-22 15:14:22.081084,0 days 00:00:15.272009,256,0.6817581873705072,0.0034762332375944667,1,448,1,"{""batch_size"": 256, ""dropout_rate"": 0.6817581873705072, ""learning_rate"": 0.0034762332375944667, ""num_layers"": 1, ""num_units"": 448, ""window_size"": 1}",COMPLETE
335,1.0792286423806219,2026-09-22 15:14:25.661951,2026-09-22 15:14:41.829103,0 days 00:00:16.167152,32,0.6794885870081786,0.0020480521825372916,1,320,1,"{""batch_size"": 32, ""dropout_rate"": 0.6794885870081786, ""learning_rate"": 0.0020480521825372916, ""num_layers"": 1, ""num_units"": 320, ""window_size"": 1}",COMPLETE
336,1.1357328962121773,2026-09-22 15:14:45.363712,2026-09-22 15:15:00.194637,0 days 00:00:14.830925,256,0.6927392720561572,0.004066338859856723,1,96,3,"{""batch_size"": 256, ""dropout_rate"": 0.6927392720561572, ""learning_rate"": 0.004066338859856723, ""num_layers"": 1, ""num_units"": 96, ""window_size"": 3}",COMPLETE
337,1.084574948393008,2026-09-22 15:15:03.768215,2026-09-22 15:15:21.067079,0 days 00:00:17.298864,32,0.6608818524019953,0.0010448460864941609,1,224,1,"{""batch_size"": 32, ""dropout_rate"": 0.6608818524019953, ""learning_rate"": 0.0010448460864941609, ""num_layers"": 1, ""num_units"": 224, ""window_size"": 1}",COMPLETE
338,1.2114747999970708,2026-09-22 15:15:24.617056,2026-09-22 15:15:43.927354,0 days 00:00:19.310298,32,0.6887357199093117,0.0017388003637741887,2,384,3,"{""batch_size"": 32, ""dropout_rate"": 0.6887357199093117, ""learning_rate"": 0.0017388003637741887, ""num_layers"": 2, ""num_units"": 384, ""window_size"": 3}",COMPLETE
