number,value,datetime_start,datetime_complete,duration,params_batch_size,params_dropout_rate,params_learning_rate,params_num_layers,params_num_units,params_window_size,system_attrs_tpe:relative_params:0,state
138,1.0840416357780458,2026-09-22 14:17:49.412965,2026-09-22 14:18:02.603047,0 days 00:00:13.190082,256,0.5753670521932219,0.004324326844322661,2,192,1,"{""batch_size"": 256, ""dropout_rate"": 0.5753670521932219, ""learning_rate"": 0.004324326844322661, ""num_layers"": 2, ""num_units"": 192, ""window_size"": 1}",COMPLETE
139,1.14528793619535,2026-09-22 14:18:04.371087,2026-09-22 14:18:15.794174,0 days 00:00:11.423087,256,0.6701572633865409,0.002339689396459798,1,416,4,"{""batch_size"": 256, ""dropout_rate"": 0.6701572633865409, ""learning_rate"": 0.002339689396459798, ""num_layers"": 1, ""num_units"": 416, ""window_size"": 4}",COMPLETE
140,1.1555293753105003,2026-09-22 14:18:17.534451,2026-09-22 14:18:28.115379,0 days 00:00:10.580928,256,0.629434632284667,0.003053030747828925,1,384,4,"{""batch_size"": 256, ""dropout_rate"": 0.629434632284667, ""learning_rate"": 0.003053030747828925, ""num_layers"": 1, ""num_units"": 384, ""window_size"": 4}",COMPLETE
141,1.0968463655249137,2026-09-22 14:18:29.879408,2026-09-22 14:18:41.317309,0 days 00:00:11.437901,256,0.5152393050642682,0.004189909473857939,1,224,2,"{""batch_size"": 256, ""dropout_rate"": 0.5152393050642682, ""learning_rate"": 0.004189909473857939, ""num_layers"": 1, ""num_units"": 224, ""window_size"": 2}",COMPLETE
142,1.1237755399754057,2026-09-22 14:18:43.110198,2026-09-22 14:18:54.519825,0 days 00:00:11.409627,64,0.6171652540048959,0.0034094701446641257,1,224,2,"{""batch_size"": 64, ""dropout_rate"": 0.6171652540048959, ""learning_rate"": 0.0034094701446641257, ""num_layers"": 1, ""num_units"": 224, ""window_size"": 2}",COMPLETE
143,1.1544237425660844,2026-09-22 14:18:56.313010,2026-09-22 14:19:07.329057,0 days 00:00:11.016047,256,0.6971754053177489,0.0020446248466151297,1,160,3,"{""batch_size"": 256, ""dropout_rate"": 0.6971754053177489, ""learning_rate"": 0.0020446248466151297, ""num_layers"": 1, ""num_units"": 160, ""window_size"": 3}",COMPLETE
144,1.1654309782616683,2026-09-22 14:19:09.128994,2026-09-22 14:19:18.417882,0 days 00:00:09.288888,256,0.6222238283678901,0.002963369419134364,1,160,3,"{""batch_size"": 256, ""dropout_rate"": 0.6222238283678901, ""learning_rate"": 0.002963369419134364, ""num_layers"": 1, ""num_units"": 160, ""window_size"": 3}",COMPLETE
145,1.1912400643857273,2026-09-22 14:19:20.224198,2026-09-22 14:19:29.542387,0 days 00:00:09.318189,256,0.5534588934349074,0.0019222062164702893,1,224,3,"{""batch_size"": 256, ""dropout_rate"": 0.5534588934349074, ""learning_rate"": 0.0019222062164702893, ""num_layers"": 1, ""num_units"": 224, ""window_size"": 3}",COMPLETE
146,1.135850314448134,2026-09-22 14:19:31.363396,2026-09-22 14:19:41.125177,0 days 00:00:09.761781,256,0.5962749362548401,0.0028460850874077273,1,96,1,"{""batch_size"": 256, ""dropout_rate"": 0.5962749362548401, ""learning_rate"": 0.0028460850874077273, ""num_layers"": 1, ""num_units"": 96, ""window_size"": 1}",COMPLETE
147,1.0706194145972148,2026-09-22 14:19:42.911996,2026-09-22 14:19:53.847361,0 days 00:00:10.935365,256,0.5452708474238789,0.0022329705283829085,1,288,1,"{""batch_size"": 256, ""dropout_rate"": 0.5452708474238789, ""learning_rate"": 0.0022329705283829085, ""num_layers"": 1, ""num_units"": 288, ""window_size"": 1}",COMPLETE
148,1.1163730823247675,2026-09-22 14:19:55.672461,2026-09-22 14:20:06.605746,0 days 00:00:10.933285,256,0.5994074425049648,0.008804738571184134,1,256,2,"{""batch_size"": 256, ""dropout_rate"": 0.5994074425049648, ""learning_rate"": 0.008804738571184134, ""num_layers"": 1, ""num_units"": 256, ""window_size"": 2}",COMPLETE
149,1.1249783057893448,2026-09-22 14:20:08.451160,2026-09-22 14:20:18.828554,0 days 00:00:10.377394,256,0.5946555013594825,0.006148067456098101,1,352,2,"{""batch_size"": 256, ""dropout_rate"": 0.5946555013594825, ""learning_rate"": 0.006148067456098101, ""num_layers"": 1, ""num_units"": 352, ""window_size"": 2}",COMPLETE
150,1.1090717513986084,2026-09-22 14:20:20.654494,2026-09-22 14:20:33.968459,0 days 00:00:13.313965,256,0.6997588731344704,0.0018708278865973288,1,64,1,"{""batch_size"": 256, ""dropout_rate"": 0.6997588731344704, ""learning_rate"": 0.0018708278865973288, ""num_layers"": 1, ""num_units"": 64, ""window_size"": 1}",COMPLETE
151,1.0700723735873499,2026-09-22 14:20:35.815258,2026-09-22 14:20:47.846298,0 days 00:00:12.031040,256,0.5118604101792359,0.004787466599396679,1,320,1,"{""batch_size"": 256, ""dropout_rate"": 0.5118604101792359, ""learning_rate"": 0.004787466599396679, ""num_layers"": 1, ""num_units"": 320, ""window_size"": 1}",COMPLETE
152,1.0692713420547686,2026-09-22 14:20:49.704130,2026-09-22 14:21:01.796033,0 days 00:00:12.091903,256,0.5469435060516695,0.0024849645019580486,1,320,1,"{""batch_size"": 256, ""dropout_rate"": 0.5469435060516695, ""learning_rate"": 0.0024849645019580486, ""num_layers"": 1, ""num_units"": 320, ""window_size"": 1}",COMPLETE
153,1.0843467807001075,2026-09-22 14:21:03.669568,2026-09-22 14:21:14.217781,0 days 00:00:10.548213,256,0.5618549319024578,0.0027528120483858985,1,416,1,"{""batch_size"": 256, ""dropout_rate"": 0.5618549319024578, ""learning_rate"": 0.0027528120483858985, ""num_layers"": 1, ""num_units"": 416, ""window_size"": 1}",COMPLETE
154,1.0949244921604844,2026-09-22 14:21:16.116819,2026-09-22 14:21:27.071888,0 days 00:00:10.955069,256,0.636475841501461,0.0018794709401811856,1,384,1,"{""batch_size"": 256, ""dropout_rate"": 0.636475841501461, ""learning_rate"": 0.0018794709401811856, ""num_layers"": 1, ""num_units"": 384, ""window_size"": 1}",COMPLETE
155,1.0752613078977507,2026-09-22 14:21:28.948211,2026-09-22 14:21:40.152584,0 days 00:00:11.204373,256,0.6359602020061186,0.001800874696324189,1,288,1,"{""batch_size"": 256, ""dropout_rate"": 0.6359602020061186, ""learning_rate"": 0.001800874696324189, ""num_layers"": 1, ""num_units"": 288, ""window_size"": 1}",COMPLETE
156,1.1041318793463808,2026-09-22 14:21:42.068606,2026-09-22 14:21:55.429563,0 days 00:00:13.360957,256,0.5461191802429045,0.002412876876633312,1,352,2,"{""batch_size"": 256, ""dropout_rate"": 0.5461191802429045, ""learning_rate"": 0.002412876876633312, ""num_layers"": 1, ""num_units"": 352, ""window_size"": 2}",COMPLETE
157,1.101447202387764,2026-09-22 14:21:57.333437,2026-09-22 14:22:08.285302,0 days 00:00:10.951865,256,0.6870181805358515,0.003625469669230463,1,288,2,"{""batch_size"": 256, ""dropout_rate"": 0.6870181805358515, ""learning_rate"": 0.003625469669230463, ""num_layers"": 1, ""num_units"": 288, ""window_size"": 2}",COMPLETE
158,1.0723461689983076,2026-09-22 14:22:10.191108,2026-09-22 14:22:22.748414,0 days 00:00:12.557306,256,0.6771585801065667,0.0015444070431100923,1,288,1,"{""batch_size"": 256, ""dropout_rate"": 0.6771585801065667, ""learning_rate"": 0.0015444070431100923, ""num_layers"": 1, ""num_units"": 288, ""window_size"": 1}",COMPLETE
159,1.132983367183886,2026-09-22 14:22:24.642157,2026-09-22 14:22:37.911174,0 days 00:00:13.269017,256,0.6669856179992357,0.0012536515703796716,2,256,1,"{""batch_size"": 256, ""dropout_rate"": 0.6669856179992357, ""learning_rate"": 0.0012536515703796716, ""num_layers"": 2, ""num_units"": 256, ""window_size"": 1}",COMPLETE
160,1.1226569959353256,2026-09-22 14:22:39.836285,2026-09-22 14:22:50.959553,0 days 00:00:11.123268,256,0.47693927361532806,0.0036624424648843312,1,320,2,"{""batch_size"": 256, ""dropout_rate"": 0.47693927361532806, ""learning_rate"": 0.0036624424648843312, ""num_layers"": 1, ""num_units"": 320, ""window_size"": 2}",COMPLETE
161,1.0675201284650029,2026-09-22 14:22:52.890997,2026-09-22 14:23:03.776674,0 days 00:00:10.885677,256,0.5844082136898928,0.0033550841934054387,1,224,1,"{""batch_size"": 256, ""dropout_rate"": 0.5844082136898928, ""learning_rate"": 0.0033550841934054387, ""num_layers"": 1, ""num_units"": 224, ""window_size"": 1}",COMPLETE
162,1.1394909888622837,2026-09-22 14:23:05.713423,2026-09-22 14:23:17.843416,0 days 00:00:12.129993,256,0.5438482206829035,0.008580225757725502,1,224,4,"{""batch_size"": 256, ""dropout_rate"": 0.5438482206829035, ""learning_rate"": 0.008580225757725502, ""num_layers"": 1, ""num_units"": 224, ""window_size"": 4}",COMPLETE
163,1.1047623923008398,2026-09-22 14:23:19.783965,2026-09-22 14:23:30.173299,0 days 00:00:10.389334,256,0.5368041686869736,0.007127900362961106,1,320,1,"{""batch_size"": 256, ""dropout_rate"": 0.5368041686869736, ""learning_rate"": 0.007127900362961106, ""num_layers"": 1, ""num_units"": 320, ""window_size"": 1}",COMPLETE
164,1.141056971853145,2026-09-22 14:23:32.124516,2026-09-22 14:23:42.354638,0 days 00:00:10.230122,256,0.533278192015648,0.0014609384036133762,1,384,2,"{""batch_size"": 256, ""dropout_rate"": 0.533278192015648, ""learning_rate"": 0.0014609384036133762, ""num_layers"": 1, ""num_units"": 384, ""window_size"": 2}",COMPLETE
165,1.1184557318664465,2026-09-22 14:23:44.324553,2026-09-22 14:23:55.904128,0 days 00:00:11.579575,256,0.6810499756755829,0.0012184365214174336,1,192,1,"{""batch_size"": 256, ""dropout_rate"": 0.6810499756755829, ""learning_rate"": 0.0012184365214174336, ""num_layers"": 1, ""num_units"": 192, ""window_size"": 1}",COMPLETE
166,1.0945029129707615,2026-09-22 14:23:57.862389,2026-09-22 14:24:07.950742,0 days 00:00:10.088353,256,0.49942250008547,0.005187670179208971,1,320,1,"{""batch_size"": 256, ""dropout_rate"": 0.49942250008547, ""learning_rate"": 0.005187670179208971, ""num_layers"": 1, ""num_units"": 320, ""window_size"": 1}",COMPLETE
167,1.0827447073425962,2026-09-22 14:24:09.932216,2026-09-22 14:24:22.824597,0 days 00:00:12.892381,256,0.6752161405172347,0.0025000720774769314,1,384,2,"{""batch_size"": 256, ""dropout_rate"": 0.6752161405172347, ""learning_rate"": 0.0025000720774769314, ""num_layers"": 1, ""num_units"": 384, ""window_size"": 2}",COMPLETE
168,1.1575639373236568,2026-09-22 14:24:24.863810,2026-09-22 14:24:35.022936,0 days 00:00:10.159126,256,0.6349612853980179,0.003118061422783131,1,320,3,"{""batch_size"": 256, ""dropout_rate"": 0.6349612853980179, ""learning_rate"": 0.003118061422783131, ""num_layers"": 1, ""num_units"": 320, ""window_size"": 3}",COMPLETE
169,1.0612918591759415,2026-09-22 14:24:37.078378,2026-09-22 14:24:49.344669,0 days 00:00:12.266291,256,0.6996558588536411,0.002638596090028274,1,256,1,"{""batch_size"": 256, ""dropout_rate"": 0.6996558588536411, ""learning_rate"": 0.002638596090028274, ""num_layers"": 1, ""num_units"": 256, ""window_size"": 1}",COMPLETE
170,1.1385459527460389,2026-09-22 14:24:51.351368,2026-09-22 14:25:04.741983,0 days 00:00:13.390615,256,0.6898907561665868,0.008205474422265253,1,288,3,"{""batch_size"": 256, ""dropout_rate"": 0.6898907561665868, ""learning_rate"": 0.008205474422265253, ""num_layers"": 1, ""num_units"": 288, ""window_size"": 3}",COMPLETE
171,1.0714014633727464,2026-09-22 14:25:06.763351,2026-09-22 14:25:19.321369,0 days 00:00:12.558018,256,0.6940593380701956,0.0023100684790569137,1,256,1,"{""batch_size"": 256, ""dropout_rate"": 0.6940593380701956, ""learning_rate"": 0.0023100684790569137, ""num_layers"": 1, ""num_units"": 256, ""window_size"": 1}",COMPLETE
172,1.1090443974173692,2026-09-22 14:25:21.349121,2026-09-22 14:25:34.975395,0 days 00:00:13.626274,256,0.6896683935517297,0.001675548123617325,1,256,3,"{""batch_size"": 256, ""dropout_rate"": 0.6896683935517297, ""learning_rate"": 0.001675548123617325, ""num_layers"": 1, ""num_units"": 256, ""window_size"": 3}",COMPLETE
173,1.1077250664825604,2026-09-22 14:25:37.037933,2026-09-22 14:25:49.783425,0 days 00:00:12.745492,256,0.6993523274489141,0.0017850216639115838,1,320,2,"{""batch_size"": 256, ""dropout_rate"": 0.6993523274489141, ""learning_rate"": 0.0017850216639115838, ""num_layers"": 1, ""num_units"": 320, ""window_size"": 2}",COMPLETE
174,1.0728414763930847,2026-09-22 14:25:51.964339,2026-09-22 14:26:04.533180,0 days 00:00:12.568841,256,0.6924396109258302,0.002365204982844698,1,224,1,"{""batch_size"": 256, ""dropout_rate"": 0.6924396109258302, ""learning_rate"": 0.002365204982844698, ""num_layers"": 1, ""num_units"": 224, ""window_size"": 1}",COMPLETE
175,1.1341388639422023,2026-09-22 14:26:06.604210,2026-09-22 14:26:20.122930,0 days 00:00:13.518720,256,0.6319791067137275,0.0028990287067458074,2,224,2,"{""batch_size"": 256, ""dropout_rate"": 0.6319791067137275, ""learning_rate"": 0.0028990287067458074, ""num_layers"": 2, ""num_units"": 224, ""window_size"": 2}",COMPLETE
176,1.1577622420326836,2026-09-22 14:26:22.175424,2026-09-22 14:26:32.669085,0 days 00:00:10.493661,256,0.6229289494754817,0.0030075346820585217,1,416,2,"{""batch_size"": 256, ""dropout_rate"": 0.6229289494754817, ""learning_rate"": 0.0030075346820585217, ""num_layers"": 1, ""num_units"": 416, ""window_size"": 2}",COMPLETE
177,1.0898337617218283,2026-09-22 14:26:34.740839,2026-09-22 14:26:46.306793,0 days 00:00:11.565954,256,0.47813750474709754,0.001813893997578954,1,288,1,"{""batch_size"": 256, ""dropout_rate"": 0.47813750474709754, ""learning_rate"": 0.001813893997578954, ""num_layers"": 1, ""num_units"": 288, ""window_size"": 1}",COMPLETE
178,1.0953900844614222,2026-09-22 14:26:48.377620,2026-09-22 14:27:04.706576,0 days 00:00:16.328956,256,0.564397718542599,0.0021396857595982967,3,224,1,"{""batch_size"": 256, ""dropout_rate"": 0.564397718542599, ""learning_rate"": 0.0021396857595982967, ""num_layers"": 3, ""num_units"": 224, ""window_size"": 1}",COMPLETE
179,1.091807394035001,2026-09-22 14:27:06.860799,2026-09-22 14:27:17.909291,0 days 00:00:11.048492,256,0.5461386117558485,0.0011971825313988511,1,256,1,"{""batch_size"": 256, ""dropout_rate"": 0.5461386117558485, ""learning_rate"": 0.0011971825313988511, ""num_layers"": 1, ""num_units"": 256, ""window_size"": 1}",COMPLETE
180,1.1558045534904313,2026-09-22 14:27:20.056582,2026-09-22 14:27:34.089218,0 days 00:00:14.032636,256,0.6328835053102334,0.0021619616849995926,1,288,4,"{""batch_size"": 256, ""dropout_rate"": 0.6328835053102334, ""learning_rate"": 0.0021619616849995926, ""num_layers"": 1, ""num_units"": 288, ""window_size"": 4}",COMPLETE
181,1.1315928347953976,2026-09-22 14:27:36.243994,2026-09-22 14:27:47.027692,0 days 00:00:10.783698,256,0.5726517653040618,0.0032165196822332436,1,192,1,"{""batch_size"": 256, ""dropout_rate"": 0.5726517653040618, ""learning_rate"": 0.0032165196822332436, ""num_layers"": 1, ""num_units"": 192, ""window_size"": 1}",COMPLETE
182,1.1102286643546808,2026-09-22 14:27:49.145790,2026-09-22 14:27:59.086130,0 days 00:00:09.940340,256,0.49875073310732876,0.0026632318846774405,1,256,1,"{""batch_size"": 256, ""dropout_rate"": 0.49875073310732876, ""learning_rate"": 0.0026632318846774405, ""num_layers"": 1, ""num_units"": 256, ""window_size"": 1}",COMPLETE
183,1.1574083035531761,2026-09-22 14:28:01.201624,2026-09-22 14:28:15.186264,0 days 00:00:13.984640,256,0.5396042363195664,0.0029502706356301553,1,288,4,"{""batch_size"": 256, ""dropout_rate"": 0.5396042363195664, ""learning_rate"": 0.0029502706356301553, ""num_layers"": 1, ""num_units"": 288, ""window_size"": 4}",COMPLETE
184,1.1145850135585047,2026-09-22 14:28:17.322116,2026-09-22 14:28:33.619799,0 days 00:00:16.297683,256,0.6869111930728214,0.0019574667170373424,2,224,1,"{""batch_size"": 256, ""dropout_rate"": 0.6869111930728214, ""learning_rate"": 0.0019574667170373424, ""num_layers"": 2, ""num_units"": 224, ""window_size"": 1}",COMPLETE
185,1.082251877276357,2026-09-22 14:28:35.820553,2026-09-22 14:28:47.970919,0 days 00:00:12.150366,128,0.6402889227518825,0.002486013965555452,1,352,2,"{""batch_size"": 128, ""dropout_rate"": 0.6402889227518825, ""learning_rate"": 0.002486013965555452, ""num_layers"": 1, ""num_units"": 352, ""window_size"": 2}",COMPLETE
186,1.0821146269700879,2026-09-22 14:28:50.142450,2026-09-22 14:29:01.200056,0 days 00:00:11.057606,256,0.6332395008098782,0.004938195594089008,1,416,1,"{""batch_size"": 256, ""dropout_rate"": 0.6332395008098782, ""learning_rate"": 0.004938195594089008, ""num_layers"": 1, ""num_units"": 416, ""window_size"": 1}",COMPLETE
187,1.1257001124846908,2026-09-22 14:29:03.389048,2026-09-22 14:29:14.364214,0 days 00:00:10.975166,256,0.5674570485241741,0.00798167113026253,1,192,2,"{""batch_size"": 256, ""dropout_rate"": 0.5674570485241741, ""learning_rate"": 0.00798167113026253, ""num_layers"": 1, ""num_units"": 192, ""window_size"": 2}",COMPLETE
188,1.1207476554489093,2026-09-22 14:29:16.542419,2026-09-22 14:29:28.200429,0 days 00:00:11.658010,256,0.6193047050500666,0.0017727560024787992,1,192,2,"{""batch_size"": 256, ""dropout_rate"": 0.6193047050500666, ""learning_rate"": 0.0017727560024787992, ""num_layers"": 1, ""num_units"": 192, ""window_size"": 2}",COMPLETE
189,1.133003655474176,2026-09-22 14:29:30.369839,2026-09-22 14:29:42.026578,0 days 00:00:11.656739,256,0.6858103342535901,0.002840511036065687,1,160,3,"{""batch_size"": 256, ""dropout_rate"": 0.6858103342535901, ""learning_rate"": 0.002840511036065687, ""num_layers"": 1, ""num_units"": 160, ""window_size"": 3}",COMPLETE
190,1.087703593089672,2026-09-22 14:29:44.200206,2026-09-22 14:30:00.485929,0 days 00:00:16.285723,256,0.6138884594434157,0.0033100530259967467,3,192,1,"{""batch_size"": 256, ""dropout_rate"": 0.6138884594434157, ""learning_rate"": 0.0033100530259967467, ""num_layers"": 3, ""num_units"": 192, ""window_size"": 1}",COMPLETE
191,1.2249334318468552,2026-09-22 14:30:02.726623,2026-09-22 14:30:14.351951,0 days 00:00:11.625328,256,0.6870827333438821,0.001005238350762286,1,224,3,"{""batch_size"": 256, ""dropout_rate"": 0.6870827333438821, ""learning_rate"": 0.001005238350762286, ""num_layers"": 1, ""num_units"": 224, ""window_size"": 3}",COMPLETE
192,1.066065014583487,2026-09-22 14:30:16.577237,2026-09-22 14:30:28.796915,0 days 00:00:12.219678,256,0.5932156607448142,0.004122495049705601,1,224,1,"{""batch_size"": 256, ""dropout_rate"": 0.5932156607448142, ""learning_rate"": 0.004122495049705601, ""num_layers"": 1, ""num_units"": 224, ""window_size"": 1}",COMPLETE
193,1.1243735938166939,2026-09-22 14:30:31.046420,2026-09-22 14:30:44.334125,0 days 00:00:13.287705,256,0.6525992744220833,0.0008074271351739914,1,224,1,"{""batch_size"": 256, ""dropout_rate"": 0.6525992744220833, ""learning_rate"": 0.0008074271351739914, ""num_layers"": 1, ""num_units"": 224, ""window_size"": 1}",COMPLETE
194,1.1508294977408255,2026-09-22 14:30:46.532715,2026-09-22 14:30:57.429321,0 days 00:00:10.896606,256,0.4659162331687024,0.00587604252770114,1,384,2,"{""batch_size"": 256, ""dropout_rate"": 0.4659162331687024, ""learning_rate"": 0.00587604252770114, ""num_layers"": 1, ""num_units"": 384, ""window_size"": 2}",COMPLETE
195,1.0742440645332583,2026-09-22 14:30:59.620691,2026-09-22 14:31:11.573279,0 days 00:00:11.952588,256,0.5721061289658271,0.0062508048381675054,1,288,1,"{""batch_size"": 256, ""dropout_rate"": 0.5721061289658271, ""learning_rate"": 0.0062508048381675054, ""num_layers"": 1, ""num_units"": 288, ""window_size"": 1}",COMPLETE
196,1.1170895859661096,2026-09-22 14:31:13.775374,2026-09-22 14:31:26.140669,0 days 00:00:12.365295,256,0.5612307609022916,0.007552112419087218,2,224,1,"{""batch_size"": 256, ""dropout_rate"": 0.5612307609022916, ""learning_rate"": 0.007552112419087218, ""num_layers"": 2, ""num_units"": 224, ""window_size"": 1}",COMPLETE
197,1.0683490048874187,2026-09-22 14:31:28.386817,2026-09-22 14:31:40.007445,0 days 00:00:11.620628,256,0.5346254572361647,0.002537368630309589,1,288,1,"{""batch_size"": 256, ""dropout_rate"": 0.5346254572361647, ""learning_rate"": 0.002537368630309589, ""num_layers"": 1, ""num_units"": 288, ""window_size"": 1}",COMPLETE
198,1.1766954494251132,2026-09-22 14:31:42.224250,2026-09-22 14:31:51.781408,0 days 00:00:09.557158,256,0.5267594546835795,0.004347458303121661,1,352,3,"{""batch_size"": 256, ""dropout_rate"": 0.5267594546835795, ""learning_rate"": 0.004347458303121661, ""num_layers"": 1, ""num_units"": 352, ""window_size"": 3}",COMPLETE
199,1.0945912127479513,2026-09-22 14:31:54.014825,2026-09-22 14:32:06.335013,0 days 00:00:12.320188,256,0.6865156893058593,0.004036498721237144,1,192,1,"{""batch_size"": 256, ""dropout_rate"": 0.6865156893058593, ""learning_rate"": 0.004036498721237144, ""num_layers"": 1, ""num_units"": 192, ""window_size"": 1}",COMPLETE
200,1.1086194914744807,2026-09-22 14:32:08.633267,2026-09-22 14:32:19.771424,0 days 00:00:11.138157,256,0.4976631872016943,0.002437707730929972,1,352,1,"{""batch_size"": 256, ""dropout_rate"": 0.4976631872016943, ""learning_rate"": 0.002437707730929972, ""num_layers"": 1, ""num_units"": 352, ""window_size"": 1}",COMPLETE
201,1.1901741417466727,2026-09-22 14:32:22.026138,2026-09-22 14:32:31.549207,0 days 00:00:09.523069,256,0.6694627705349575,0.0013445091907869286,1,384,2,"{""batch_size"": 256, ""dropout_rate"": 0.6694627705349575, ""learning_rate"": 0.0013445091907869286, ""num_layers"": 1, ""num_units"": 384, ""window_size"": 2}",COMPLETE
202,1.2386968415660158,2026-09-22 14:32:33.826965,2026-09-22 14:32:47.100745,0 days 00:00:13.273780,256,0.5940407114447872,0.0025253104984498936,2,256,3,"{""batch_size"": 256, ""dropout_rate"": 0.5940407114447872, ""learning_rate"": 0.0025253104984498936, ""num_layers"": 2, ""num_units"": 256, ""window_size"": 3}",COMPLETE
203,1.082107057474466,2026-09-22 14:32:49.338977,2026-09-22 14:33:01.904528,0 days 00:00:12.565551,256,0.5380621820662408,0.0037943195207553048,1,384,1,"{""batch_size"": 256, ""dropout_rate"": 0.5380621820662408, ""learning_rate"": 0.0037943195207553048, ""num_layers"": 1, ""num_units"": 384, ""window_size"": 1}",COMPLETE
204,1.1073245241524683,2026-09-22 14:33:04.160992,2026-09-22 14:33:14.688592,0 days 00:00:10.527600,256,0.5360484753938497,0.003048732630399307,1,320,1,"{""batch_size"": 256, ""dropout_rate"": 0.5360484753938497, ""learning_rate"": 0.003048732630399307, ""num_layers"": 1, ""num_units"": 320, ""window_size"": 1}",COMPLETE
