number,value,datetime_start,datetime_complete,duration,params_batch_size,params_dropout_rate,params_learning_rate,params_num_layers,params_num_units,params_window_size,system_attrs_tpe:relative_params:0,state
339,1.1172919419900138,2026-09-22 15:15:47.489622,2026-09-22 15:16:10.128006,0 days 00:00:22.638384,512,0.5913775062045602,0.0017380037047882272,3,288,1,"{""batch_size"": 512, ""dropout_rate"": 0.5913775062045602, ""learning_rate"": 0.0017380037047882272, ""num_layers"": 3, ""num_units"": 288, ""window_size"": 1}",COMPLETE
340,1.208232902379704,2026-09-22 15:16:13.726492,2026-09-22 15:16:30.871192,0 days 00:00:17.144700,32,0.6666317912355796,0.0023588711392762834,2,288,3,"{""batch_size"": 32, ""dropout_rate"": 0.6666317912355796, ""learning_rate"": 0.0023588711392762834, ""num_layers"": 2, ""num_units"": 288, ""window_size"": 3}",COMPLETE
341,1.2076794094037346,2026-09-22 15:16:34.500371,2026-09-22 15:16:50.893327,0 days 00:00:16.392956,256,0.5177608407278254,0.0011266129476699795,2,288,3,"{""batch_size"": 256, ""dropout_rate"": 0.5177608407278254, ""learning_rate"": 0.0011266129476699795, ""num_layers"": 2, ""num_units"": 288, ""window_size"": 3}",COMPLETE
342,1.2025908202417985,2026-09-22 15:16:54.505221,2026-09-22 15:17:09.439303,0 days 00:00:14.934082,128,0.6781264099605477,0.00507847190392713,2,256,2,"{""batch_size"": 128, ""dropout_rate"": 0.6781264099605477, ""learning_rate"": 0.00507847190392713, ""num_layers"": 2, ""num_units"": 256, ""window_size"": 2}",COMPLETE
343,1.076833272931053,2026-09-22 15:17:13.046520,2026-09-22 15:17:27.098653,0 days 00:00:14.052133,256,0.6457737069084644,0.003633704908482154,1,224,1,"{""batch_size"": 256, ""dropout_rate"": 0.6457737069084644, ""learning_rate"": 0.003633704908482154, ""num_layers"": 1, ""num_units"": 224, ""window_size"": 1}",COMPLETE
344,1.1039554868319514,2026-09-22 15:17:30.751510,2026-09-22 15:17:49.794439,0 days 00:00:19.042929,512,0.6988173878700824,0.0019822716104579414,2,320,1,"{""batch_size"": 512, ""dropout_rate"": 0.6988173878700824, ""learning_rate"": 0.0019822716104579414, ""num_layers"": 2, ""num_units"": 320, ""window_size"": 1}",COMPLETE
345,1.1295233804309903,2026-09-22 15:17:53.470038,2026-09-22 15:18:09.697539,0 days 00:00:16.227501,32,0.6621100124362143,0.003047898399792223,1,320,2,"{""batch_size"": 32, ""dropout_rate"": 0.6621100124362143, ""learning_rate"": 0.003047898399792223, ""num_layers"": 1, ""num_units"": 320, ""window_size"": 2}",COMPLETE
346,1.0953534971034435,2026-09-22 15:18:13.332835,2026-09-22 15:18:35.700143,0 days 00:00:22.367308,32,0.6995565179530356,0.000584202279147161,1,288,2,"{""batch_size"": 32, ""dropout_rate"": 0.6995565179530356, ""learning_rate"": 0.000584202279147161, ""num_layers"": 1, ""num_units"": 288, ""window_size"": 2}",COMPLETE
347,1.0853793858046121,2026-09-22 15:18:39.305276,2026-09-22 15:18:52.246395,0 days 00:00:12.941119,256,0.5418463231590143,0.004813877621055035,1,288,1,"{""batch_size"": 256, ""dropout_rate"": 0.5418463231590143, ""learning_rate"": 0.004813877621055035, ""num_layers"": 1, ""num_units"": 288, ""window_size"": 1}",COMPLETE
348,1.1018233197187854,2026-09-22 15:18:55.907642,2026-09-22 15:19:12.613624,0 days 00:00:16.705982,512,0.6693094915965087,0.0017742891645039008,1,256,1,"{""batch_size"": 512, ""dropout_rate"": 0.6693094915965087, ""learning_rate"": 0.0017742891645039008, ""num_layers"": 1, ""num_units"": 256, ""window_size"": 1}",COMPLETE
349,1.1600154069436837,2026-09-22 15:19:16.266344,2026-09-22 15:19:39.629788,0 days 00:00:23.363444,32,0.6532507177323172,0.0019426906924618044,2,224,2,"{""batch_size"": 32, ""dropout_rate"": 0.6532507177323172, ""learning_rate"": 0.0019426906924618044, ""num_layers"": 2, ""num_units"": 224, ""window_size"": 2}",COMPLETE
350,1.1504612236386544,2026-09-22 15:19:43.323154,2026-09-22 15:20:00.992513,0 days 00:00:17.669359,256,0.5734371171868732,0.003213185469606299,3,224,2,"{""batch_size"": 256, ""dropout_rate"": 0.5734371171868732, ""learning_rate"": 0.003213185469606299, ""num_layers"": 3, ""num_units"": 224, ""window_size"": 2}",COMPLETE
351,1.064657532813295,2026-09-22 15:20:04.733645,2026-09-22 15:20:25.961863,0 days 00:00:21.228218,32,0.6969442308392533,0.0011019905795103058,1,224,1,"{""batch_size"": 32, ""dropout_rate"": 0.6969442308392533, ""learning_rate"": 0.0011019905795103058, ""num_layers"": 1, ""num_units"": 224, ""window_size"": 1}",COMPLETE
352,1.1219017447882402,2026-09-22 15:20:29.662199,2026-09-22 15:20:43.610974,0 days 00:00:13.948775,128,0.6925251341740081,0.0009599943213275221,1,416,3,"{""batch_size"": 128, ""dropout_rate"": 0.6925251341740081, ""learning_rate"": 0.0009599943213275221, ""num_layers"": 1, ""num_units"": 416, ""window_size"": 3}",COMPLETE
353,1.1111492838000956,2026-09-22 15:20:47.316190,2026-09-22 15:21:00.871669,0 days 00:00:13.555479,128,0.6310627898054932,0.0014428940067021869,1,352,1,"{""batch_size"": 128, ""dropout_rate"": 0.6310627898054932, ""learning_rate"": 0.0014428940067021869, ""num_layers"": 1, ""num_units"": 352, ""window_size"": 1}",COMPLETE
354,1.1056915291556426,2026-09-22 15:21:04.669092,2026-09-22 15:21:20.115656,0 days 00:00:15.446564,256,0.6968919032106841,0.003445443007981219,1,96,1,"{""batch_size"": 256, ""dropout_rate"": 0.6968919032106841, ""learning_rate"": 0.003445443007981219, ""num_layers"": 1, ""num_units"": 96, ""window_size"": 1}",COMPLETE
355,1.1045567465657018,2026-09-22 15:21:23.869990,2026-09-22 15:21:43.347521,0 days 00:00:19.477531,32,0.6609124515859616,0.0005579970334004385,1,352,3,"{""batch_size"": 32, ""dropout_rate"": 0.6609124515859616, ""learning_rate"": 0.0005579970334004385, ""num_layers"": 1, ""num_units"": 352, ""window_size"": 3}",COMPLETE
356,1.1421531787388748,2026-09-22 15:21:47.037342,2026-09-22 15:22:02.406110,0 days 00:00:15.368768,256,0.6698329082114219,0.0063580609001523515,1,544,2,"{""batch_size"": 256, ""dropout_rate"": 0.6698329082114219, ""learning_rate"": 0.0063580609001523515, ""num_layers"": 1, ""num_units"": 544, ""window_size"": 2}",COMPLETE
357,1.056214143361659,2026-09-22 15:22:06.225457,2026-09-22 15:22:23.256785,0 days 00:00:17.031328,32,0.6149451174638845,0.0011245072499533194,1,320,1,"{""batch_size"": 32, ""dropout_rate"": 0.6149451174638845, ""learning_rate"": 0.0011245072499533194, ""num_layers"": 1, ""num_units"": 320, ""window_size"": 1}",COMPLETE
358,1.1158647997372522,2026-09-22 15:22:26.957097,2026-09-22 15:22:55.771389,0 days 00:00:28.814292,32,0.6017030997528697,0.0010496132888471107,3,288,1,"{""batch_size"": 32, ""dropout_rate"": 0.6017030997528697, ""learning_rate"": 0.0010496132888471107, ""num_layers"": 3, ""num_units"": 288, ""window_size"": 1}",COMPLETE
359,1.0697485861628866,2026-09-22 15:22:59.613719,2026-09-22 15:23:18.013668,0 days 00:00:18.399949,32,0.6279091301422857,0.0012295002192317184,1,288,1,"{""batch_size"": 32, ""dropout_rate"": 0.6279091301422857, ""learning_rate"": 0.0012295002192317184, ""num_layers"": 1, ""num_units"": 288, ""window_size"": 1}",COMPLETE
360,1.150823585073235,2026-09-22 15:23:21.896252,2026-09-22 15:23:40.678768,0 days 00:00:18.782516,32,0.5831385184207213,0.0009364352122942675,1,288,2,"{""batch_size"": 32, ""dropout_rate"": 0.5831385184207213, ""learning_rate"": 0.0009364352122942675, ""num_layers"": 1, ""num_units"": 288, ""window_size"": 2}",COMPLETE
361,1.0872907411083792,2026-09-22 15:23:44.466461,2026-09-22 15:23:58.400189,0 days 00:00:13.933728,128,0.6572989270309166,0.0012490686256524269,1,256,1,"{""batch_size"": 128, ""dropout_rate"": 0.6572989270309166, ""learning_rate"": 0.0012490686256524269, ""num_layers"": 1, ""num_units"": 256, ""window_size"": 1}",COMPLETE
362,1.1338443205519904,2026-09-22 15:24:02.239699,2026-09-22 15:24:18.519960,0 days 00:00:16.280261,32,0.5018364498227776,0.001457446397506294,2,384,1,"{""batch_size"": 32, ""dropout_rate"": 0.5018364498227776, ""learning_rate"": 0.001457446397506294, ""num_layers"": 2, ""num_units"": 384, ""window_size"": 1}",COMPLETE
363,1.0622192183891637,2026-09-22 15:24:22.348841,2026-09-22 15:24:36.858148,0 days 00:00:14.509307,256,0.452618402329789,0.002469411815546421,1,288,1,"{""batch_size"": 256, ""dropout_rate"": 0.452618402329789, ""learning_rate"": 0.002469411815546421, ""num_layers"": 1, ""num_units"": 288, ""window_size"": 1}",COMPLETE
364,1.090989837948296,2026-09-22 15:24:40.680528,2026-09-22 15:24:58.561035,0 days 00:00:17.880507,256,0.4678517984472375,0.0009962451960828,2,288,1,"{""batch_size"": 256, ""dropout_rate"": 0.4678517984472375, ""learning_rate"": 0.0009962451960828, ""num_layers"": 2, ""num_units"": 288, ""window_size"": 1}",COMPLETE
365,1.1172479329405127,2026-09-22 15:25:02.407420,2026-09-22 15:25:16.033999,0 days 00:00:13.626579,256,0.6987477969716581,0.0055002404211779085,1,288,1,"{""batch_size"": 256, ""dropout_rate"": 0.6987477969716581, ""learning_rate"": 0.0055002404211779085, ""num_layers"": 1, ""num_units"": 288, ""window_size"": 1}",COMPLETE
366,1.0777872501022843,2026-09-22 15:25:19.918067,2026-09-22 15:25:39.952282,0 days 00:00:20.034215,32,0.612254997904519,0.0011780633368666156,1,384,1,"{""batch_size"": 32, ""dropout_rate"": 0.612254997904519, ""learning_rate"": 0.0011780633368666156, ""num_layers"": 1, ""num_units"": 384, ""window_size"": 1}",COMPLETE
367,1.0648500059252188,2026-09-22 15:25:43.740204,2026-09-22 15:26:08.324539,0 days 00:00:24.584335,32,0.653184008001088,0.002161851828418838,2,352,1,"{""batch_size"": 32, ""dropout_rate"": 0.653184008001088, ""learning_rate"": 0.002161851828418838, ""num_layers"": 2, ""num_units"": 352, ""window_size"": 1}",COMPLETE
368,1.0791603583531841,2026-09-22 15:26:12.151113,2026-09-22 15:26:40.225420,0 days 00:00:28.074307,32,0.6259041180734837,0.002437522424486478,2,384,1,"{""batch_size"": 32, ""dropout_rate"": 0.6259041180734837, ""learning_rate"": 0.002437522424486478, ""num_layers"": 2, ""num_units"": 384, ""window_size"": 1}",COMPLETE
369,1.096464394412733,2026-09-22 15:26:44.160425,2026-09-22 15:27:04.083729,0 days 00:00:19.923304,32,0.6798031659169109,0.003329760374549365,2,384,1,"{""batch_size"": 32, ""dropout_rate"": 0.6798031659169109, ""learning_rate"": 0.003329760374549365, ""num_layers"": 2, ""num_units"": 384, ""window_size"": 1}",COMPLETE
370,1.2454712454258736,2026-09-22 15:27:08.106075,2026-09-22 15:27:26.565531,0 days 00:00:18.459456,32,0.6474074246257531,0.0011782212214329132,3,256,1,"{""batch_size"": 32, ""dropout_rate"": 0.6474074246257531, ""learning_rate"": 0.0011782212214329132, ""num_layers"": 3, ""num_units"": 256, ""window_size"": 1}",COMPLETE
371,1.078705138947603,2026-09-22 15:27:30.568460,2026-09-22 15:27:46.998904,0 days 00:00:16.430444,256,0.6411158078771103,0.00709179373114633,1,448,1,"{""batch_size"": 256, ""dropout_rate"": 0.6411158078771103, ""learning_rate"": 0.00709179373114633, ""num_layers"": 1, ""num_units"": 448, ""window_size"": 1}",COMPLETE
372,1.0773252352399545,2026-09-22 15:27:50.935020,2026-09-22 15:28:05.750682,0 days 00:00:14.815662,256,0.4401494096165005,0.002389325329663251,1,288,1,"{""batch_size"": 256, ""dropout_rate"": 0.4401494096165005, ""learning_rate"": 0.002389325329663251, ""num_layers"": 1, ""num_units"": 288, ""window_size"": 1}",COMPLETE
373,1.0712623689011347,2026-09-22 15:28:09.786772,2026-09-22 15:28:26.375447,0 days 00:00:16.588675,256,0.3890022762995057,0.0029100939855785683,1,320,1,"{""batch_size"": 256, ""dropout_rate"": 0.3890022762995057, ""learning_rate"": 0.0029100939855785683, ""num_layers"": 1, ""num_units"": 320, ""window_size"": 1}",COMPLETE
374,1.1088141998907914,2026-09-22 15:28:30.329527,2026-09-22 15:28:48.823759,0 days 00:00:18.494232,256,0.6626173231870502,0.004121560213185999,1,256,5,"{""batch_size"": 256, ""dropout_rate"": 0.6626173231870502, ""learning_rate"": 0.004121560213185999, ""num_layers"": 1, ""num_units"": 256, ""window_size"": 5}",COMPLETE
375,1.193488990555152,2026-09-22 15:28:52.718052,2026-09-22 15:29:10.328278,0 days 00:00:17.610226,256,0.571110396562965,0.001538661523078481,2,224,3,"{""batch_size"": 256, ""dropout_rate"": 0.571110396562965, ""learning_rate"": 0.001538661523078481, ""num_layers"": 2, ""num_units"": 224, ""window_size"": 3}",COMPLETE
376,1.1156522859830345,2026-09-22 15:29:14.406701,2026-09-22 15:29:32.910088,0 days 00:00:18.503387,32,0.6565780761702654,0.002425639316962388,1,256,4,"{""batch_size"": 32, ""dropout_rate"": 0.6565780761702654, ""learning_rate"": 0.002425639316962388, ""num_layers"": 1, ""num_units"": 256, ""window_size"": 4}",COMPLETE
377,1.0377174982218738,2026-09-22 15:29:36.896919,2026-09-22 15:29:57.991560,0 days 00:00:21.094641,32,0.6215570122724348,0.0006240146391470353,1,352,1,"{""batch_size"": 32, ""dropout_rate"": 0.6215570122724348, ""learning_rate"": 0.0006240146391470353, ""num_layers"": 1, ""num_units"": 352, ""window_size"": 1}",COMPLETE
378,1.2884939616123672,2026-09-22 15:30:01.972078,2026-09-22 15:30:22.648173,0 days 00:00:20.676095,256,0.6978781976907887,0.0003523459899703575,1,224,2,"{""batch_size"": 256, ""dropout_rate"": 0.6978781976907887, ""learning_rate"": 0.0003523459899703575, ""num_layers"": 1, ""num_units"": 224, ""window_size"": 2}",COMPLETE
379,1.1086743474552465,2026-09-22 15:30:26.676434,2026-09-22 15:30:51.026708,0 days 00:00:24.350274,32,0.6709758049545096,0.0006177151460142281,2,192,1,"{""batch_size"": 32, ""dropout_rate"": 0.6709758049545096, ""learning_rate"": 0.0006177151460142281, ""num_layers"": 2, ""num_units"": 192, ""window_size"": 1}",COMPLETE
380,1.1358569953676363,2026-09-22 15:30:55.145767,2026-09-22 15:31:10.821951,0 days 00:00:15.676184,32,0.6417110053905141,0.0032723811367951776,1,256,2,"{""batch_size"": 32, ""dropout_rate"": 0.6417110053905141, ""learning_rate"": 0.0032723811367951776, ""num_layers"": 1, ""num_units"": 256, ""window_size"": 2}",COMPLETE
381,1.2659156627490102,2026-09-22 15:31:14.829754,2026-09-22 15:31:34.104353,0 days 00:00:19.274599,32,0.6807918838556749,0.0010144207404227928,3,224,1,"{""batch_size"": 32, ""dropout_rate"": 0.6807918838556749, ""learning_rate"": 0.0010144207404227928, ""num_layers"": 3, ""num_units"": 224, ""window_size"": 1}",COMPLETE
382,1.1201497503327902,2026-09-22 15:31:38.093625,2026-09-22 15:31:59.290695,0 days 00:00:21.197070,32,0.6920792410024252,0.0019586425829829193,1,416,2,"{""batch_size"": 32, ""dropout_rate"": 0.6920792410024252, ""learning_rate"": 0.0019586425829829193, ""num_layers"": 1, ""num_units"": 416, ""window_size"": 2}",COMPLETE
383,1.08596335974706,2026-09-22 15:32:03.248217,2026-09-22 15:32:27.515462,0 days 00:00:24.267245,32,0.6566585898624842,0.0029449121132960024,2,320,1,"{""batch_size"": 32, ""dropout_rate"": 0.6566585898624842, ""learning_rate"": 0.0029449121132960024, ""num_layers"": 2, ""num_units"": 320, ""window_size"": 1}",COMPLETE
384,1.0483407528828967,2026-09-22 15:32:31.556159,2026-09-22 15:32:55.441227,0 days 00:00:23.885068,32,0.6231341775027842,0.00049045646815691,1,384,1,"{""batch_size"": 32, ""dropout_rate"": 0.6231341775027842, ""learning_rate"": 0.00049045646815691, ""num_layers"": 1, ""num_units"": 384, ""window_size"": 1}",COMPLETE
385,1.1390065340345557,2026-09-22 15:32:59.472649,2026-09-22 15:33:19.365269,0 days 00:00:19.892620,32,0.6191418510458143,0.00043664811874598276,1,384,2,"{""batch_size"": 32, ""dropout_rate"": 0.6191418510458143, ""learning_rate"": 0.00043664811874598276, ""num_layers"": 1, ""num_units"": 384, ""window_size"": 2}",COMPLETE
386,1.125415310390083,2026-09-22 15:33:23.399783,2026-09-22 15:33:42.639586,0 days 00:00:19.239803,32,0.5779741969383885,0.0011881259203021467,1,352,2,"{""batch_size"": 32, ""dropout_rate"": 0.5779741969383885, ""learning_rate"": 0.0011881259203021467, ""num_layers"": 1, ""num_units"": 352, ""window_size"": 2}",COMPLETE
387,1.0882755224065566,2026-09-22 15:33:46.666706,2026-09-22 15:34:04.137574,0 days 00:00:17.470868,32,0.5553157545724086,0.0017845585640823994,2,320,1,"{""batch_size"": 32, ""dropout_rate"": 0.5553157545724086, ""learning_rate"": 0.0017845585640823994, ""num_layers"": 2, ""num_units"": 320, ""window_size"": 1}",COMPLETE
388,1.2571477395878754,2026-09-22 15:34:08.213908,2026-09-22 15:34:24.982807,0 days 00:00:16.768899,256,0.6342101023873598,0.0036881999949954884,2,256,4,"{""batch_size"": 256, ""dropout_rate"": 0.6342101023873598, ""learning_rate"": 0.0036881999949954884, ""num_layers"": 2, ""num_units"": 256, ""window_size"": 4}",COMPLETE
389,1.1208930854435548,2026-09-22 15:34:29.125731,2026-09-22 15:34:46.565162,0 days 00:00:17.439431,256,0.6935094674174529,0.0025150540573619074,1,32,1,"{""batch_size"": 256, ""dropout_rate"": 0.6935094674174529, ""learning_rate"": 0.0025150540573619074, ""num_layers"": 1, ""num_units"": 32, ""window_size"": 1}",COMPLETE
390,1.082245351926207,2026-09-22 15:34:50.626609,2026-09-22 15:35:12.704216,0 days 00:00:22.077607,32,0.6790232477440292,0.0005120242214117381,1,416,1,"{""batch_size"": 32, ""dropout_rate"": 0.6790232477440292, ""learning_rate"": 0.0005120242214117381, ""num_layers"": 1, ""num_units"": 416, ""window_size"": 1}",COMPLETE
391,1.0515840298871197,2026-09-22 15:35:16.837209,2026-09-22 15:35:43.649238,0 days 00:00:26.812029,32,0.6346854943633038,0.0009446951983431969,2,352,1,"{""batch_size"": 32, ""dropout_rate"": 0.6346854943633038, ""learning_rate"": 0.0009446951983431969, ""num_layers"": 2, ""num_units"": 352, ""window_size"": 1}",COMPLETE
392,1.0589680674157782,2026-09-22 15:35:47.762272,2026-09-22 15:36:06.114911,0 days 00:00:18.352639,32,0.6226226051717008,0.0006943114436868697,1,320,1,"{""batch_size"": 32, ""dropout_rate"": 0.6226226051717008, ""learning_rate"": 0.0006943114436868697, ""num_layers"": 1, ""num_units"": 320, ""window_size"": 1}",COMPLETE
393,1.2261232821196584,2026-09-22 15:36:10.197070,2026-09-22 15:36:35.196299,0 days 00:00:24.999229,32,0.6246930184810257,0.0010388821828059935,2,352,3,"{""batch_size"": 32, ""dropout_rate"": 0.6246930184810257, ""learning_rate"": 0.0010388821828059935, ""num_layers"": 2, ""num_units"": 352, ""window_size"": 3}",COMPLETE
394,1.118466335298687,2026-09-22 15:36:39.317525,2026-09-22 15:37:02.232395,0 days 00:00:22.914870,32,0.6613424571547437,0.0017162548834949065,2,384,1,"{""batch_size"": 32, ""dropout_rate"": 0.6613424571547437, ""learning_rate"": 0.0017162548834949065, ""num_layers"": 2, ""num_units"": 384, ""window_size"": 1}",COMPLETE
395,1.091845345730954,2026-09-22 15:37:06.414415,2026-09-22 15:37:21.070771,0 days 00:00:14.656356,256,0.607156393070271,0.006897043467085364,1,224,1,"{""batch_size"": 256, ""dropout_rate"": 0.607156393070271, ""learning_rate"": 0.006897043467085364, ""num_layers"": 1, ""num_units"": 224, ""window_size"": 1}",COMPLETE
396,1.1624503964749793,2026-09-22 15:37:25.241773,2026-09-22 15:37:46.394707,0 days 00:00:21.152934,32,0.6168600149667861,0.0008606108000940766,2,256,2,"{""batch_size"": 32, ""dropout_rate"": 0.6168600149667861, ""learning_rate"": 0.0008606108000940766, ""num_layers"": 2, ""num_units"": 256, ""window_size"": 2}",COMPLETE
397,1.1341460056546036,2026-09-22 15:37:50.582734,2026-09-22 15:38:07.778739,0 days 00:00:17.196005,32,0.6277268524310797,0.000910479164508187,2,352,1,"{""batch_size"": 32, ""dropout_rate"": 0.6277268524310797, ""learning_rate"": 0.000910479164508187, ""num_layers"": 2, ""num_units"": 352, ""window_size"": 1}",COMPLETE
398,1.0694834115054774,2026-09-22 15:38:11.913380,2026-09-22 15:38:37.211164,0 days 00:00:25.297784,32,0.5805696133404797,0.00043290918699584235,1,416,1,"{""batch_size"": 32, ""dropout_rate"": 0.5805696133404797, ""learning_rate"": 0.00043290918699584235, ""num_layers"": 1, ""num_units"": 416, ""window_size"": 1}",COMPLETE
399,1.1081586658949631,2026-09-22 15:38:41.424048,2026-09-22 15:39:05.044682,0 days 00:00:23.620634,32,0.6183843303139739,0.00039397999046305655,1,288,1,"{""batch_size"": 32, ""dropout_rate"": 0.6183843303139739, ""learning_rate"": 0.00039397999046305655, ""num_layers"": 1, ""num_units"": 288, ""window_size"": 1}",COMPLETE
