number,value,datetime_start,datetime_complete,duration,params_batch_size,params_dropout_rate,params_learning_rate,params_num_layers,params_num_units,params_window_size,system_attrs_tpe:relative_params:0,state
0,3.4112435712679017,2026-09-22 13:31:36.604399,2026-09-22 13:32:15.016438,0 days 00:00:38.412039,64,0.4190609389379256,2.9380279387035334e-05,5,768,12,,COMPLETE
1,3.413882243216193,2026-09-22 13:32:15.432167,2026-09-22 13:32:42.252674,0 days 00:00:26.820507,256,0.12727747704497042,3.5498788321965036e-05,5,224,30,,COMPLETE
2,3.2682392973533854,2026-09-22 13:32:42.696589,2026-09-22 13:32:55.572537,0 days 00:00:12.875948,128,0.5496231729751094,3.972110727381908e-05,2,480,9,,COMPLETE
3,3.471690550270552,2026-09-22 13:32:56.004911,2026-09-22 13:35:28.676531,0 days 00:02:32.671620,512,0.21322963842135947,1.9634341572933304e-05,5,832,29,,COMPLETE
4,1.574807855097702,2026-09-22 13:35:29.179649,2026-09-22 13:35:47.232001,0 days 00:00:18.052352,32,0.36404761482446757,0.00043664735929796326,4,320,8,,COMPLETE
5,1.6880557193983305,2026-09-22 13:35:47.727049,2026-09-22 13:36:07.562163,0 days 00:00:19.835114,64,0.03165910223737665,9.46217535646148e-05,1,224,28,,COMPLETE
6,1.426795981924388,2026-09-22 13:36:08.078027,2026-09-22 13:36:24.721520,0 days 00:00:16.643493,64,0.6908208556203621,0.0020736445177905022,5,96,5,,COMPLETE
7,1.2219073817802275,2026-09-22 13:36:25.273224,2026-09-22 13:36:38.529454,0 days 00:00:13.256230,256,0.6041723981129155,0.0007411299781083245,2,128,3,,COMPLETE
8,1.2236231393940356,2026-09-22 13:36:39.055576,2026-09-22 13:37:17.727972,0 days 00:00:38.672396,32,0.4992713510560965,0.0019158219548093154,3,128,27,,COMPLETE
9,1.2483953070739537,2026-09-22 13:37:18.284724,2026-09-22 13:37:38.148339,0 days 00:00:19.863615,16,0.22004918675342866,0.0003355151022721483,1,672,4,,COMPLETE
10,1.1074587986803066,2026-09-22 13:37:38.732987,2026-09-22 13:37:47.793871,0 days 00:00:09.060884,256,0.6626417082144258,0.0021373802861410353,1,224,2,"{""batch_size"": 256, ""dropout_rate"": 0.6626417082144258, ""learning_rate"": 0.0021373802861410353, ""num_layers"": 1, ""num_units"": 224, ""window_size"": 2}",COMPLETE
11,2.0430785840707206,2026-09-22 13:37:48.367865,2026-09-22 13:38:08.627044,0 days 00:00:20.259179,256,0.5853177429971397,0.0001114408377094241,2,224,1,"{""batch_size"": 256, ""dropout_rate"": 0.5853177429971397, ""learning_rate"": 0.0001114408377094241, ""num_layers"": 2, ""num_units"": 224, ""window_size"": 1}",COMPLETE
12,1.1722608768343326,2026-09-22 13:38:09.204798,2026-09-22 13:38:18.351218,0 days 00:00:09.146420,512,0.6356762222681935,0.00783483345583361,1,96,7,"{""batch_size"": 512, ""dropout_rate"": 0.6356762222681935, ""learning_rate"": 0.00783483345583361, ""num_layers"": 1, ""num_units"": 96, ""window_size"": 7}",COMPLETE
13,1.2883665795575296,2026-09-22 13:38:18.922672,2026-09-22 13:38:25.670070,0 days 00:00:06.747398,512,0.6294856270035727,0.002776456649585433,1,320,8,"{""batch_size"": 512, ""dropout_rate"": 0.6294856270035727, ""learning_rate"": 0.002776456649585433, ""num_layers"": 1, ""num_units"": 320, ""window_size"": 8}",COMPLETE
14,1.2474346000487588,2026-09-22 13:38:26.248503,2026-09-22 13:38:34.489571,0 days 00:00:08.241068,512,0.42715640061508314,0.007846102192123729,2,288,7,"{""batch_size"": 512, ""dropout_rate"": 0.42715640061508314, ""learning_rate"": 0.007846102192123729, ""num_layers"": 2, ""num_units"": 288, ""window_size"": 7}",COMPLETE
15,1.1235949602583786,2026-09-22 13:38:35.097509,2026-09-22 13:38:55.268847,0 days 00:00:20.171338,16,0.6470761116957987,0.0006725933524820663,1,224,16,"{""batch_size"": 16, ""dropout_rate"": 0.6470761116957987, ""learning_rate"": 0.0006725933524820663, ""num_layers"": 1, ""num_units"": 224, ""window_size"": 16}",COMPLETE
16,1.1622852071245016,2026-09-22 13:38:55.882057,2026-09-22 13:39:10.023992,0 days 00:00:14.141935,256,0.6958355860867502,0.001267259908982826,1,160,21,"{""batch_size"": 256, ""dropout_rate"": 0.6958355860867502, ""learning_rate"": 0.001267259908982826, ""num_layers"": 1, ""num_units"": 160, ""window_size"": 21}",COMPLETE
17,1.135253202564283,2026-09-22 13:39:10.627327,2026-09-22 13:39:22.705734,0 days 00:00:12.078407,256,0.5248085260865989,0.0019116884872469719,1,480,16,"{""batch_size"": 256, ""dropout_rate"": 0.5248085260865989, ""learning_rate"": 0.0019116884872469719, ""num_layers"": 1, ""num_units"": 480, ""window_size"": 16}",COMPLETE
18,1.4499378342328622,2026-09-22 13:39:23.323735,2026-09-22 13:40:09.484717,0 days 00:00:46.160982,16,0.5660629943094238,8.948498932258424e-05,1,64,14,"{""batch_size"": 16, ""dropout_rate"": 0.5660629943094238, ""learning_rate"": 8.948498932258424e-05, ""num_layers"": 1, ""num_units"": 64, ""window_size"": 14}",COMPLETE
19,2.566557647902142,2026-09-22 13:40:10.113620,2026-09-22 13:40:27.074401,0 days 00:00:16.960781,256,0.6645431014685803,0.00015756474304848907,1,448,19,"{""batch_size"": 256, ""dropout_rate"": 0.6645431014685803, ""learning_rate"": 0.00015756474304848907, ""num_layers"": 1, ""num_units"": 448, ""window_size"": 19}",COMPLETE
20,1.1446469968514354,2026-09-22 13:40:27.711386,2026-09-22 13:40:35.622193,0 days 00:00:07.910807,256,0.5773213489814213,0.003985953960884337,1,352,3,"{""batch_size"": 256, ""dropout_rate"": 0.5773213489814213, ""learning_rate"": 0.003985953960884337, ""num_layers"": 1, ""num_units"": 352, ""window_size"": 3}",COMPLETE
21,1.280994110208798,2026-09-22 13:40:36.281343,2026-09-22 13:40:47.379916,0 days 00:00:11.098573,256,0.3692598821904361,0.0021493450476534046,1,704,20,"{""batch_size"": 256, ""dropout_rate"": 0.3692598821904361, ""learning_rate"": 0.0021493450476534046, ""num_layers"": 1, ""num_units"": 704, ""window_size"": 20}",COMPLETE
22,1.2716458481597512,2026-09-22 13:40:48.046511,2026-09-22 13:40:54.314983,0 days 00:00:06.268472,256,0.49477924358210723,0.005031015351256645,1,192,19,"{""batch_size"": 256, ""dropout_rate"": 0.49477924358210723, ""learning_rate"": 0.005031015351256645, ""num_layers"": 1, ""num_units"": 192, ""window_size"": 19}",COMPLETE
23,1.2561191141196706,2026-09-22 13:40:54.972531,2026-09-22 13:41:01.742806,0 days 00:00:06.770275,256,0.4555701086331225,0.0026903072518623516,1,352,14,"{""batch_size"": 256, ""dropout_rate"": 0.4555701086331225, ""learning_rate"": 0.0026903072518623516, ""num_layers"": 1, ""num_units"": 352, ""window_size"": 14}",COMPLETE
24,1.1053493880822456,2026-09-22 13:41:02.412130,2026-09-22 13:41:20.666343,0 days 00:00:18.254213,256,0.6149276367692994,0.005962104958111913,1,416,17,"{""batch_size"": 256, ""dropout_rate"": 0.6149276367692994, ""learning_rate"": 0.005962104958111913, ""num_layers"": 1, ""num_units"": 416, ""window_size"": 17}",COMPLETE
25,1.138211977095975,2026-09-22 13:41:21.333237,2026-09-22 13:41:39.829468,0 days 00:00:18.496231,16,0.6450477310752818,0.0035917194353247174,1,320,19,"{""batch_size"": 16, ""dropout_rate"": 0.6450477310752818, ""learning_rate"": 0.0035917194353247174, ""num_layers"": 1, ""num_units"": 320, ""window_size"": 19}",COMPLETE
26,1.2513343993955002,2026-09-22 13:41:40.499180,2026-09-22 13:41:56.454571,0 days 00:00:15.955391,256,0.5985023543224326,0.0031651320086199543,2,416,15,"{""batch_size"": 256, ""dropout_rate"": 0.5985023543224326, ""learning_rate"": 0.0031651320086199543, ""num_layers"": 2, ""num_units"": 416, ""window_size"": 15}",COMPLETE
27,1.1823401541898044,2026-09-22 13:41:57.173987,2026-09-22 13:42:05.515656,0 days 00:00:08.341669,256,0.6966778501423738,0.0030898749073923824,1,480,7,"{""batch_size"": 256, ""dropout_rate"": 0.6966778501423738, ""learning_rate"": 0.0030898749073923824, ""num_layers"": 1, ""num_units"": 480, ""window_size"": 7}",COMPLETE
28,1.2164217836885651,2026-09-22 13:42:06.213933,2026-09-22 13:42:18.566018,0 days 00:00:12.352085,256,0.6097501080471471,0.003257206103068614,2,224,10,"{""batch_size"": 256, ""dropout_rate"": 0.6097501080471471, ""learning_rate"": 0.003257206103068614, ""num_layers"": 2, ""num_units"": 224, ""window_size"": 10}",COMPLETE
29,1.1802816422047118,2026-09-22 13:42:19.263546,2026-09-22 13:42:31.460635,0 days 00:00:12.197089,32,0.59417673849065,0.006963120394461179,1,576,14,"{""batch_size"": 32, ""dropout_rate"": 0.59417673849065, ""learning_rate"": 0.006963120394461179, ""num_layers"": 1, ""num_units"": 576, ""window_size"": 14}",COMPLETE
30,1.3145384694552336,2026-09-22 13:42:32.171487,2026-09-22 13:42:43.217362,0 days 00:00:11.045875,256,0.6042800699884421,0.0004165760557531551,1,416,6,"{""batch_size"": 256, ""dropout_rate"": 0.6042800699884421, ""learning_rate"": 0.0004165760557531551, ""num_layers"": 1, ""num_units"": 416, ""window_size"": 6}",COMPLETE
31,1.2242135471462232,2026-09-22 13:42:43.983210,2026-09-22 13:42:59.277193,0 days 00:00:15.293983,256,0.5549125092691326,0.0006139646086868295,1,320,16,"{""batch_size"": 256, ""dropout_rate"": 0.5549125092691326, ""learning_rate"": 0.0006139646086868295, ""num_layers"": 1, ""num_units"": 320, ""window_size"": 16}",COMPLETE
32,1.2635172859650061,2026-09-22 13:43:00.014967,2026-09-22 13:43:07.667618,0 days 00:00:07.652651,256,0.4599055489372204,0.006680243099997008,1,608,15,"{""batch_size"": 256, ""dropout_rate"": 0.4599055489372204, ""learning_rate"": 0.006680243099997008, ""num_layers"": 1, ""num_units"": 608, ""window_size"": 15}",COMPLETE
33,1.254185579153681,2026-09-22 13:43:08.431892,2026-09-22 13:43:15.477138,0 days 00:00:07.045246,256,0.567323724933922,0.008429558110326368,1,512,18,"{""batch_size"": 256, ""dropout_rate"": 0.567323724933922, ""learning_rate"": 0.008429558110326368, ""num_layers"": 1, ""num_units"": 512, ""window_size"": 18}",COMPLETE
34,1.1514670866928516,2026-09-22 13:43:16.226731,2026-09-22 13:43:27.151220,0 days 00:00:10.924489,256,0.6429951655252788,0.0010528759589269183,1,352,12,"{""batch_size"": 256, ""dropout_rate"": 0.6429951655252788, ""learning_rate"": 0.0010528759589269183, ""num_layers"": 1, ""num_units"": 352, ""window_size"": 12}",COMPLETE
35,1.138670428813928,2026-09-22 13:43:27.898036,2026-09-22 13:43:37.324518,0 days 00:00:09.426482,256,0.6369045181334871,0.0012249446948344011,1,288,2,"{""batch_size"": 256, ""dropout_rate"": 0.6369045181334871, ""learning_rate"": 0.0012249446948344011, ""num_layers"": 1, ""num_units"": 288, ""window_size"": 2}",COMPLETE
36,1.1335100370441622,2026-09-22 13:43:38.068715,2026-09-22 13:43:48.067264,0 days 00:00:09.998549,256,0.6985613204834145,0.009781350184632503,1,128,11,"{""batch_size"": 256, ""dropout_rate"": 0.6985613204834145, ""learning_rate"": 0.009781350184632503, ""num_layers"": 1, ""num_units"": 128, ""window_size"": 11}",COMPLETE
37,1.171733398266576,2026-09-22 13:43:48.861639,2026-09-22 13:43:57.160540,0 days 00:00:08.298901,256,0.645876215403257,0.00812356420096556,1,320,9,"{""batch_size"": 256, ""dropout_rate"": 0.645876215403257, ""learning_rate"": 0.00812356420096556, ""num_layers"": 1, ""num_units"": 320, ""window_size"": 9}",COMPLETE
38,1.225254781837464,2026-09-22 13:43:57.949631,2026-09-22 13:44:22.768279,0 days 00:00:24.818648,16,0.6623409395147837,0.0011080554031160379,2,128,10,"{""batch_size"": 16, ""dropout_rate"": 0.6623409395147837, ""learning_rate"": 0.0011080554031160379, ""num_layers"": 2, ""num_units"": 128, ""window_size"": 10}",COMPLETE
39,1.2627179074351318,2026-09-22 13:44:23.611308,2026-09-22 13:44:32.426415,0 days 00:00:08.815107,256,0.5670364295940019,0.007960301728361027,2,128,11,"{""batch_size"": 256, ""dropout_rate"": 0.5670364295940019, ""learning_rate"": 0.007960301728361027, ""num_layers"": 2, ""num_units"": 128, ""window_size"": 11}",COMPLETE
40,1.1331585699579687,2026-09-22 13:44:33.250944,2026-09-22 13:44:45.866615,0 days 00:00:12.615671,256,0.6914664949263162,0.00925935829028252,1,224,21,"{""batch_size"": 256, ""dropout_rate"": 0.6914664949263162, ""learning_rate"": 0.00925935829028252, ""num_layers"": 1, ""num_units"": 224, ""window_size"": 21}",COMPLETE
41,1.2704291224260778,2026-09-22 13:44:46.695495,2026-09-22 13:44:59.079363,0 days 00:00:12.383868,256,0.6313117818254208,0.0068961137934597004,2,288,18,"{""batch_size"": 256, ""dropout_rate"": 0.6313117818254208, ""learning_rate"": 0.0068961137934597004, ""num_layers"": 2, ""num_units"": 288, ""window_size"": 18}",COMPLETE
42,1.1742703754463069,2026-09-22 13:44:59.913011,2026-09-22 13:45:08.330333,0 days 00:00:08.417322,256,0.6800956949054249,0.003685178733949925,1,352,4,"{""batch_size"": 256, ""dropout_rate"": 0.6800956949054249, ""learning_rate"": 0.003685178733949925, ""num_layers"": 1, ""num_units"": 352, ""window_size"": 4}",COMPLETE
43,1.2160998999078896,2026-09-22 13:45:09.170853,2026-09-22 13:45:17.768448,0 days 00:00:08.597595,256,0.6529463149449225,0.003778107913576591,1,32,19,"{""batch_size"": 256, ""dropout_rate"": 0.6529463149449225, ""learning_rate"": 0.003778107913576591, ""num_layers"": 1, ""num_units"": 32, ""window_size"": 19}",COMPLETE
44,1.2012044868429024,2026-09-22 13:45:18.614057,2026-09-22 13:45:26.762177,0 days 00:00:08.148120,256,0.6637354266844244,0.00971994580762929,1,96,14,"{""batch_size"": 256, ""dropout_rate"": 0.6637354266844244, ""learning_rate"": 0.00971994580762929, ""num_layers"": 1, ""num_units"": 96, ""window_size"": 14}",COMPLETE
45,1.1803285032730855,2026-09-22 13:45:27.624854,2026-09-22 13:45:39.209970,0 days 00:00:11.585116,256,0.6571254740320093,0.004215548744689614,1,320,24,"{""batch_size"": 256, ""dropout_rate"": 0.6571254740320093, ""learning_rate"": 0.004215548744689614, ""num_layers"": 1, ""num_units"": 320, ""window_size"": 24}",COMPLETE
46,1.1592455161042483,2026-09-22 13:45:40.073433,2026-09-22 13:45:50.186049,0 days 00:00:10.112616,256,0.6438357893985035,0.0017121771954438745,1,96,6,"{""batch_size"": 256, ""dropout_rate"": 0.6438357893985035, ""learning_rate"": 0.0017121771954438745, ""num_layers"": 1, ""num_units"": 96, ""window_size"": 6}",COMPLETE
47,1.2609892641877716,2026-09-22 13:45:51.069162,2026-09-22 13:46:01.604761,0 days 00:00:10.535599,256,0.680078630185121,0.0049800320394555375,2,32,6,"{""batch_size"": 256, ""dropout_rate"": 0.680078630185121, ""learning_rate"": 0.0049800320394555375, ""num_layers"": 2, ""num_units"": 32, ""window_size"": 6}",COMPLETE
48,1.1350751823144647,2026-09-22 13:46:02.482647,2026-09-22 13:46:15.674776,0 days 00:00:13.192129,256,0.6695507187099208,0.004929254971175216,1,160,16,"{""batch_size"": 256, ""dropout_rate"": 0.6695507187099208, ""learning_rate"": 0.004929254971175216, ""num_layers"": 1, ""num_units"": 160, ""window_size"": 16}",COMPLETE
49,1.1426594239422836,2026-09-22 13:46:16.576621,2026-09-22 13:46:30.147161,0 days 00:00:13.570540,256,0.6056714831473498,0.007761101754301839,1,96,25,"{""batch_size"": 256, ""dropout_rate"": 0.6056714831473498, ""learning_rate"": 0.007761101754301839, ""num_layers"": 1, ""num_units"": 96, ""window_size"": 25}",COMPLETE
50,1.2232854744045705,2026-09-22 13:46:31.047367,2026-09-22 13:46:43.613428,0 days 00:00:12.566061,256,0.6840941150548043,0.004201262315752815,1,512,21,"{""batch_size"": 256, ""dropout_rate"": 0.6840941150548043, ""learning_rate"": 0.004201262315752815, ""num_layers"": 1, ""num_units"": 512, ""window_size"": 21}",COMPLETE
51,1.1268098250491443,2026-09-22 13:46:44.511260,2026-09-22 13:46:57.727434,0 days 00:00:13.216174,256,0.6668837291137873,0.0018905893138077838,1,256,16,"{""batch_size"": 256, ""dropout_rate"": 0.6668837291137873, ""learning_rate"": 0.0018905893138077838, ""num_layers"": 1, ""num_units"": 256, ""window_size"": 16}",COMPLETE
52,1.1707319248437407,2026-09-22 13:46:58.637577,2026-09-22 13:47:10.914716,0 days 00:00:12.277139,256,0.6890497215898739,0.00925824669272681,1,224,22,"{""batch_size"": 256, ""dropout_rate"": 0.6890497215898739, ""learning_rate"": 0.00925824669272681, ""num_layers"": 1, ""num_units"": 224, ""window_size"": 22}",COMPLETE
53,1.1026291449776597,2026-09-22 13:47:11.841005,2026-09-22 13:47:24.713891,0 days 00:00:12.872886,256,0.6807860142920154,0.0027498575230116193,1,224,9,"{""batch_size"": 256, ""dropout_rate"": 0.6807860142920154, ""learning_rate"": 0.0027498575230116193, ""num_layers"": 1, ""num_units"": 224, ""window_size"": 9}",COMPLETE
54,1.0807365503008641,2026-09-22 13:47:25.642242,2026-09-22 13:47:35.367835,0 days 00:00:09.725593,256,0.6478748638313099,0.0050194653798846765,1,192,2,"{""batch_size"": 256, ""dropout_rate"": 0.6478748638313099, ""learning_rate"": 0.0050194653798846765, ""num_layers"": 1, ""num_units"": 192, ""window_size"": 2}",COMPLETE
55,1.1533656824873288,2026-09-22 13:47:36.293818,2026-09-22 13:47:44.834871,0 days 00:00:08.541053,256,0.5838494211523229,0.003636325635086055,1,160,3,"{""batch_size"": 256, ""dropout_rate"": 0.5838494211523229, ""learning_rate"": 0.003636325635086055, ""num_layers"": 1, ""num_units"": 160, ""window_size"": 3}",COMPLETE
56,1.2238758165358046,2026-09-22 13:47:45.802223,2026-09-22 13:47:55.416455,0 days 00:00:09.614232,256,0.6073573324706562,0.0013625509674695146,1,96,11,"{""batch_size"": 256, ""dropout_rate"": 0.6073573324706562, ""learning_rate"": 0.0013625509674695146, ""num_layers"": 1, ""num_units"": 96, ""window_size"": 11}",COMPLETE
57,1.1440699409576638,2026-09-22 13:47:56.387194,2026-09-22 13:48:09.231390,0 days 00:00:12.844196,256,0.6821027199189189,0.0015151520651849,1,160,14,"{""batch_size"": 256, ""dropout_rate"": 0.6821027199189189, ""learning_rate"": 0.0015151520651849, ""num_layers"": 1, ""num_units"": 160, ""window_size"": 14}",COMPLETE
58,1.1211399307523904,2026-09-22 13:48:10.222651,2026-09-22 13:48:18.960418,0 days 00:00:08.737767,256,0.649726964378936,0.007555867959097333,1,128,2,"{""batch_size"": 256, ""dropout_rate"": 0.649726964378936, ""learning_rate"": 0.007555867959097333, ""num_layers"": 1, ""num_units"": 128, ""window_size"": 2}",COMPLETE
59,1.1805761502098475,2026-09-22 13:48:19.919632,2026-09-22 13:48:26.779528,0 days 00:00:06.859896,256,0.5702897379589196,0.007001580200830541,1,288,3,"{""batch_size"": 256, ""dropout_rate"": 0.5702897379589196, ""learning_rate"": 0.007001580200830541, ""num_layers"": 1, ""num_units"": 288, ""window_size"": 3}",COMPLETE
60,1.1264833876111107,2026-09-22 13:48:27.739564,2026-09-22 13:48:36.688418,0 days 00:00:08.948854,128,0.6991865988221295,0.0030333076704349383,1,64,2,"{""batch_size"": 128, ""dropout_rate"": 0.6991865988221295, ""learning_rate"": 0.0030333076704349383, ""num_layers"": 1, ""num_units"": 64, ""window_size"": 2}",COMPLETE
61,1.1160585780489247,2026-09-22 13:48:37.651164,2026-09-22 13:48:47.840635,0 days 00:00:10.189471,256,0.6810610276366083,0.006262507417246672,1,128,5,"{""batch_size"": 256, ""dropout_rate"": 0.6810610276366083, ""learning_rate"": 0.006262507417246672, ""num_layers"": 1, ""num_units"": 128, ""window_size"": 5}",COMPLETE
62,1.1361545539803901,2026-09-22 13:48:48.850104,2026-09-22 13:48:58.461546,0 days 00:00:09.611442,256,0.6320170191160467,0.009559889605610637,1,192,3,"{""batch_size"": 256, ""dropout_rate"": 0.6320170191160467, ""learning_rate"": 0.009559889605610637, ""num_layers"": 1, ""num_units"": 192, ""window_size"": 3}",COMPLETE
63,1.2238290046232823,2026-09-22 13:48:59.446987,2026-09-22 13:49:05.003226,0 days 00:00:05.556239,256,0.5975948267103413,0.006390554536611976,1,160,6,"{""batch_size"": 256, ""dropout_rate"": 0.5975948267103413, ""learning_rate"": 0.006390554536611976, ""num_layers"": 1, ""num_units"": 160, ""window_size"": 6}",COMPLETE
64,1.1200405825887958,2026-09-22 13:49:05.993059,2026-09-22 13:49:17.465631,0 days 00:00:11.472572,256,0.6263403071455607,0.007906191165399708,2,64,1,"{""batch_size"": 256, ""dropout_rate"": 0.6263403071455607, ""learning_rate"": 0.007906191165399708, ""num_layers"": 2, ""num_units"": 64, ""window_size"": 1}",COMPLETE
65,1.1883173757251053,2026-09-22 13:49:18.470771,2026-09-22 13:49:30.787301,0 days 00:00:12.316530,256,0.6030436446881757,0.004019734214254022,2,160,3,"{""batch_size"": 256, ""dropout_rate"": 0.6030436446881757, ""learning_rate"": 0.004019734214254022, ""num_layers"": 2, ""num_units"": 160, ""window_size"": 3}",COMPLETE
66,1.1338558545545225,2026-09-22 13:49:31.817022,2026-09-22 13:49:43.039990,0 days 00:00:11.222968,256,0.6393135776946219,0.008838666298085926,2,96,1,"{""batch_size"": 256, ""dropout_rate"": 0.6393135776946219, ""learning_rate"": 0.008838666298085926, ""num_layers"": 2, ""num_units"": 96, ""window_size"": 1}",COMPLETE
67,1.095514307480808,2026-09-22 13:49:44.058164,2026-09-22 13:49:52.280744,0 days 00:00:08.222580,256,0.6029521155047772,0.005813518693279125,1,128,1,"{""batch_size"": 256, ""dropout_rate"": 0.6029521155047772, ""learning_rate"": 0.005813518693279125, ""num_layers"": 1, ""num_units"": 128, ""window_size"": 1}",COMPLETE
68,1.1684509581381184,2026-09-22 13:49:53.300909,2026-09-22 13:50:01.849428,0 days 00:00:08.548519,256,0.6650901340672645,0.004155524055036773,1,128,5,"{""batch_size"": 256, ""dropout_rate"": 0.6650901340672645, ""learning_rate"": 0.004155524055036773, ""num_layers"": 1, ""num_units"": 128, ""window_size"": 5}",COMPLETE
69,1.1752927736888097,2026-09-22 13:50:02.907513,2026-09-22 13:50:10.322453,0 days 00:00:07.414940,256,0.6948879874460616,0.008492638569666172,1,224,6,"{""batch_size"": 256, ""dropout_rate"": 0.6948879874460616, ""learning_rate"": 0.008492638569666172, ""num_layers"": 1, ""num_units"": 224, ""window_size"": 6}",COMPLETE
70,1.1693038003332175,2026-09-22 13:50:11.364087,2026-09-22 13:50:21.086440,0 days 00:00:09.722353,256,0.648347304051917,0.0011939838043824077,1,128,2,"{""batch_size"": 256, ""dropout_rate"": 0.648347304051917, ""learning_rate"": 0.0011939838043824077, ""num_layers"": 1, ""num_units"": 128, ""window_size"": 2}",COMPLETE
