number,value,datetime_start,datetime_complete,duration,params_batch_size,params_dropout_rate,params_learning_rate,params_num_layers,params_num_units,params_window_size,system_attrs_tpe:relative_params:0,state
205,1.1311339891673298,2026-09-22 14:33:16.970747,2026-09-22 14:33:30.302608,0 days 00:00:13.331861,256,0.6042851690029725,0.00493717110433718,1,160,4,"{""batch_size"": 256, ""dropout_rate"": 0.6042851690029725, ""learning_rate"": 0.00493717110433718, ""num_layers"": 1, ""num_units"": 160, ""window_size"": 4}",COMPLETE
206,1.0619512731249998,2026-09-22 14:33:32.576663,2026-09-22 14:33:48.015763,0 days 00:00:15.439100,32,0.6728100918759825,0.0016055614260630695,1,288,1,"{""batch_size"": 32, ""dropout_rate"": 0.6728100918759825, ""learning_rate"": 0.0016055614260630695, ""num_layers"": 1, ""num_units"": 288, ""window_size"": 1}",COMPLETE
207,1.0800655698071617,2026-09-22 14:33:50.358619,2026-09-22 14:34:02.117949,0 days 00:00:11.759330,256,0.6931154372841236,0.002592924433020636,1,256,1,"{""batch_size"": 256, ""dropout_rate"": 0.6931154372841236, ""learning_rate"": 0.002592924433020636, ""num_layers"": 1, ""num_units"": 256, ""window_size"": 1}",COMPLETE
208,1.119565185073303,2026-09-22 14:34:04.415438,2026-09-22 14:34:18.695683,0 days 00:00:14.280245,256,0.530734117482774,0.0034757220467713347,2,288,2,"{""batch_size"": 256, ""dropout_rate"": 0.530734117482774, ""learning_rate"": 0.0034757220467713347, ""num_layers"": 2, ""num_units"": 288, ""window_size"": 2}",COMPLETE
209,1.0940608501162725,2026-09-22 14:34:21.089427,2026-09-22 14:34:45.708815,0 days 00:00:24.619388,32,0.6561726722796325,0.0016354922270776892,1,320,2,"{""batch_size"": 32, ""dropout_rate"": 0.6561726722796325, ""learning_rate"": 0.0016354922270776892, ""num_layers"": 1, ""num_units"": 320, ""window_size"": 2}",COMPLETE
210,1.0388984660521814,2026-09-22 14:34:48.075674,2026-09-22 14:35:04.910315,0 days 00:00:16.834641,256,0.5180410591550312,0.0017742954057677384,2,352,1,"{""batch_size"": 256, ""dropout_rate"": 0.5180410591550312, ""learning_rate"": 0.0017742954057677384, ""num_layers"": 2, ""num_units"": 352, ""window_size"": 1}",COMPLETE
211,1.1442298695246054,2026-09-22 14:35:07.247363,2026-09-22 14:35:20.070220,0 days 00:00:12.822857,128,0.5151764910372162,0.00270282794232969,2,320,2,"{""batch_size"": 128, ""dropout_rate"": 0.5151764910372162, ""learning_rate"": 0.00270282794232969, ""num_layers"": 2, ""num_units"": 320, ""window_size"": 2}",COMPLETE
212,1.0730791639535664,2026-09-22 14:35:22.420864,2026-09-22 14:35:38.083338,0 days 00:00:15.662474,256,0.47952072490687947,0.0017717244351300343,2,384,1,"{""batch_size"": 256, ""dropout_rate"": 0.47952072490687947, ""learning_rate"": 0.0017717244351300343, ""num_layers"": 2, ""num_units"": 384, ""window_size"": 1}",COMPLETE
213,1.0843692162580423,2026-09-22 14:35:40.447337,2026-09-22 14:35:51.707365,0 days 00:00:11.260028,256,0.5216161099205269,0.001803327630598919,1,288,1,"{""batch_size"": 256, ""dropout_rate"": 0.5216161099205269, ""learning_rate"": 0.001803327630598919, ""num_layers"": 1, ""num_units"": 288, ""window_size"": 1}",COMPLETE
214,1.2034251929150745,2026-09-22 14:35:54.097054,2026-09-22 14:36:04.875132,0 days 00:00:10.778078,256,0.6735574978732732,0.005420911699124709,1,416,4,"{""batch_size"": 256, ""dropout_rate"": 0.6735574978732732, ""learning_rate"": 0.005420911699124709, ""num_layers"": 1, ""num_units"": 416, ""window_size"": 4}",COMPLETE
215,1.206828618660725,2026-09-22 14:36:07.324547,2026-09-22 14:36:17.091649,0 days 00:00:09.767102,256,0.5671806383644126,0.0016069850108267438,1,288,3,"{""batch_size"": 256, ""dropout_rate"": 0.5671806383644126, ""learning_rate"": 0.0016069850108267438, ""num_layers"": 1, ""num_units"": 288, ""window_size"": 3}",COMPLETE
216,1.0998989262853964,2026-09-22 14:36:19.534168,2026-09-22 14:36:34.573999,0 days 00:00:15.039831,256,0.5012053330204564,0.0013115199180140295,2,288,1,"{""batch_size"": 256, ""dropout_rate"": 0.5012053330204564, ""learning_rate"": 0.0013115199180140295, ""num_layers"": 2, ""num_units"": 288, ""window_size"": 1}",COMPLETE
217,1.1855001551439366,2026-09-22 14:36:37.034676,2026-09-22 14:36:55.379001,0 days 00:00:18.344325,256,0.5266104682024356,0.0025346710842311833,3,256,2,"{""batch_size"": 256, ""dropout_rate"": 0.5266104682024356, ""learning_rate"": 0.0025346710842311833, ""num_layers"": 3, ""num_units"": 256, ""window_size"": 2}",COMPLETE
218,1.1900857833421397,2026-09-22 14:36:57.923639,2026-09-22 14:37:11.005390,0 days 00:00:13.081751,512,0.6814425205327033,0.0011146977439619246,1,288,1,"{""batch_size"": 512, ""dropout_rate"": 0.6814425205327033, ""learning_rate"": 0.0011146977439619246, ""num_layers"": 1, ""num_units"": 288, ""window_size"": 1}",COMPLETE
219,1.1046669831200728,2026-09-22 14:37:13.443715,2026-09-22 14:37:26.714667,0 days 00:00:13.270952,256,0.6291702900374155,0.0036252703890505673,1,64,1,"{""batch_size"": 256, ""dropout_rate"": 0.6291702900374155, ""learning_rate"": 0.0036252703890505673, ""num_layers"": 1, ""num_units"": 64, ""window_size"": 1}",COMPLETE
220,1.081980606810444,2026-09-22 14:37:29.185600,2026-09-22 14:37:40.905949,0 days 00:00:11.720349,256,0.565369774510532,0.0018964809547918563,1,288,1,"{""batch_size"": 256, ""dropout_rate"": 0.565369774510532, ""learning_rate"": 0.0018964809547918563, ""num_layers"": 1, ""num_units"": 288, ""window_size"": 1}",COMPLETE
221,1.0936014545513013,2026-09-22 14:37:43.322353,2026-09-22 14:37:58.042635,0 days 00:00:14.720282,256,0.4411258532227087,0.0016590380925200119,2,384,1,"{""batch_size"": 256, ""dropout_rate"": 0.4411258532227087, ""learning_rate"": 0.0016590380925200119, ""num_layers"": 2, ""num_units"": 384, ""window_size"": 1}",COMPLETE
222,1.1933359828498054,2026-09-22 14:38:00.517015,2026-09-22 14:38:17.322790,0 days 00:00:16.805775,32,0.5233331516064899,0.001793294436491185,2,352,2,"{""batch_size"": 32, ""dropout_rate"": 0.5233331516064899, ""learning_rate"": 0.001793294436491185, ""num_layers"": 2, ""num_units"": 352, ""window_size"": 2}",COMPLETE
223,1.0849875930333226,2026-09-22 14:38:19.791123,2026-09-22 14:38:31.868392,0 days 00:00:12.077269,256,0.6503974278523553,0.0026071632997313474,1,224,1,"{""batch_size"": 256, ""dropout_rate"": 0.6503974278523553, ""learning_rate"": 0.0026071632997313474, ""num_layers"": 1, ""num_units"": 224, ""window_size"": 1}",COMPLETE
224,1.1252926521401365,2026-09-22 14:38:34.326916,2026-09-22 14:38:47.904083,0 days 00:00:13.577167,64,0.5110098811615391,0.000985800347801487,2,320,1,"{""batch_size"": 64, ""dropout_rate"": 0.5110098811615391, ""learning_rate"": 0.000985800347801487, ""num_layers"": 2, ""num_units"": 320, ""window_size"": 1}",COMPLETE
225,1.1464972526772617,2026-09-22 14:38:50.430903,2026-09-22 14:39:06.537921,0 days 00:00:16.107018,256,0.48570019525948305,0.0011559275322400502,2,352,2,"{""batch_size"": 256, ""dropout_rate"": 0.48570019525948305, ""learning_rate"": 0.0011559275322400502, ""num_layers"": 2, ""num_units"": 352, ""window_size"": 2}",COMPLETE
226,1.1675071824594736,2026-09-22 14:39:09.051252,2026-09-22 14:39:24.149074,0 days 00:00:15.097822,256,0.5220165487771985,0.0009433151199379637,2,448,2,"{""batch_size"": 256, ""dropout_rate"": 0.5220165487771985, ""learning_rate"": 0.0009433151199379637, ""num_layers"": 2, ""num_units"": 448, ""window_size"": 2}",COMPLETE
227,1.2540202208655165,2026-09-22 14:39:26.644903,2026-09-22 14:39:42.467090,0 days 00:00:15.822187,256,0.5935354082859098,0.0019667690702707117,3,256,3,"{""batch_size"": 256, ""dropout_rate"": 0.5935354082859098, ""learning_rate"": 0.0019667690702707117, ""num_layers"": 3, ""num_units"": 256, ""window_size"": 3}",COMPLETE
228,1.1984282122654164,2026-09-22 14:39:44.994767,2026-09-22 14:39:53.547596,0 days 00:00:08.552829,256,0.47301719126429936,0.005309439552261514,1,256,2,"{""batch_size"": 256, ""dropout_rate"": 0.47301719126429936, ""learning_rate"": 0.005309439552261514, ""num_layers"": 1, ""num_units"": 256, ""window_size"": 2}",COMPLETE
229,1.1378678293242652,2026-09-22 14:39:56.103022,2026-09-22 14:40:11.177056,0 days 00:00:15.074034,256,0.4556075202560225,0.0018042025958042189,2,288,2,"{""batch_size"": 256, ""dropout_rate"": 0.4556075202560225, ""learning_rate"": 0.0018042025958042189, ""num_layers"": 2, ""num_units"": 288, ""window_size"": 2}",COMPLETE
230,1.0732909203649756,2026-09-22 14:40:13.716406,2026-09-22 14:40:29.195159,0 days 00:00:15.478753,256,0.514221581895999,0.00253929057318377,2,416,1,"{""batch_size"": 256, ""dropout_rate"": 0.514221581895999, ""learning_rate"": 0.00253929057318377, ""num_layers"": 2, ""num_units"": 416, ""window_size"": 1}",COMPLETE
231,1.2049137781386055,2026-09-22 14:40:31.811419,2026-09-22 14:40:41.529236,0 days 00:00:09.717817,512,0.5725353606367003,0.0027460275281491124,1,288,1,"{""batch_size"": 512, ""dropout_rate"": 0.5725353606367003, ""learning_rate"": 0.0027460275281491124, ""num_layers"": 1, ""num_units"": 288, ""window_size"": 1}",COMPLETE
232,1.1357281857985706,2026-09-22 14:40:44.129105,2026-09-22 14:40:57.149303,0 days 00:00:13.020198,256,0.4937153654476279,0.0021880226711149383,2,352,1,"{""batch_size"": 256, ""dropout_rate"": 0.4937153654476279, ""learning_rate"": 0.0021880226711149383, ""num_layers"": 2, ""num_units"": 352, ""window_size"": 1}",COMPLETE
233,1.199390706902305,2026-09-22 14:40:59.713953,2026-09-22 14:41:14.493671,0 days 00:00:14.779718,256,0.4252833588488261,0.0011467708776221742,2,384,3,"{""batch_size"": 256, ""dropout_rate"": 0.4252833588488261, ""learning_rate"": 0.0011467708776221742, ""num_layers"": 2, ""num_units"": 384, ""window_size"": 3}",COMPLETE
234,1.1094084778257285,2026-09-22 14:41:17.084690,2026-09-22 14:41:45.820951,0 days 00:00:28.736261,16,0.5204865934591925,0.0026817765812835416,2,416,1,"{""batch_size"": 16, ""dropout_rate"": 0.5204865934591925, ""learning_rate"": 0.0026817765812835416, ""num_layers"": 2, ""num_units"": 416, ""window_size"": 1}",COMPLETE
235,1.1858647370793782,2026-09-22 14:41:48.434816,2026-09-22 14:42:02.599742,0 days 00:00:14.164926,256,0.4956490191116048,0.0023746570092383792,2,480,2,"{""batch_size"": 256, ""dropout_rate"": 0.4956490191116048, ""learning_rate"": 0.0023746570092383792, ""num_layers"": 2, ""num_units"": 480, ""window_size"": 2}",COMPLETE
236,1.0623660083262148,2026-09-22 14:42:05.179116,2026-09-22 14:42:19.673019,0 days 00:00:14.493903,32,0.69778229695367,0.0014219708777292667,1,288,1,"{""batch_size"": 32, ""dropout_rate"": 0.69778229695367, ""learning_rate"": 0.0014219708777292667, ""num_layers"": 1, ""num_units"": 288, ""window_size"": 1}",COMPLETE
237,1.1171709990419585,2026-09-22 14:42:22.285431,2026-09-22 14:42:35.717855,0 days 00:00:13.432424,256,0.4946269489332955,0.0032876958681852886,1,256,3,"{""batch_size"": 256, ""dropout_rate"": 0.4946269489332955, ""learning_rate"": 0.0032876958681852886, ""num_layers"": 1, ""num_units"": 256, ""window_size"": 3}",COMPLETE
238,1.0923302355331714,2026-09-22 14:42:38.366219,2026-09-22 14:42:51.107799,0 days 00:00:12.741580,256,0.6873287321024218,0.0026108458542592485,1,192,1,"{""batch_size"": 256, ""dropout_rate"": 0.6873287321024218, ""learning_rate"": 0.0026108458542592485, ""num_layers"": 1, ""num_units"": 192, ""window_size"": 1}",COMPLETE
239,1.127751224864011,2026-09-22 14:42:53.725168,2026-09-22 14:43:06.435414,0 days 00:00:12.710246,256,0.5966947101864088,0.002285832232405613,1,96,3,"{""batch_size"": 256, ""dropout_rate"": 0.5966947101864088, ""learning_rate"": 0.002285832232405613, ""num_layers"": 1, ""num_units"": 96, ""window_size"": 3}",COMPLETE
240,1.077667872710772,2026-09-22 14:43:09.045916,2026-09-22 14:43:26.125138,0 days 00:00:17.079222,256,0.5602007468489463,0.0017663757649282795,2,384,1,"{""batch_size"": 256, ""dropout_rate"": 0.5602007468489463, ""learning_rate"": 0.0017663757649282795, ""num_layers"": 2, ""num_units"": 384, ""window_size"": 1}",COMPLETE
241,1.06963715654721,2026-09-22 14:43:28.839022,2026-09-22 14:43:53.379232,0 days 00:00:24.540210,32,0.694451819723949,0.0015946279296823933,2,320,1,"{""batch_size"": 32, ""dropout_rate"": 0.694451819723949, ""learning_rate"": 0.0015946279296823933, ""num_layers"": 2, ""num_units"": 320, ""window_size"": 1}",COMPLETE
242,1.1163023000394237,2026-09-22 14:43:56.015188,2026-09-22 14:44:09.163523,0 days 00:00:13.148335,256,0.6466893522634863,0.005630662359345975,1,288,2,"{""batch_size"": 256, ""dropout_rate"": 0.6466893522634863, ""learning_rate"": 0.005630662359345975, ""num_layers"": 1, ""num_units"": 288, ""window_size"": 2}",COMPLETE
243,1.1123289608176818,2026-09-22 14:44:11.846027,2026-09-22 14:44:32.077875,0 days 00:00:20.231848,32,0.6904870051827138,0.0013407881822881025,2,320,1,"{""batch_size"": 32, ""dropout_rate"": 0.6904870051827138, ""learning_rate"": 0.0013407881822881025, ""num_layers"": 2, ""num_units"": 320, ""window_size"": 1}",COMPLETE
244,1.0561334687154196,2026-09-22 14:44:34.738118,2026-09-22 14:44:48.910845,0 days 00:00:14.172727,256,0.654309446722467,0.003864109204072756,1,288,1,"{""batch_size"": 256, ""dropout_rate"": 0.654309446722467, ""learning_rate"": 0.003864109204072756, ""num_layers"": 1, ""num_units"": 288, ""window_size"": 1}",COMPLETE
245,1.0689308065406828,2026-09-22 14:44:51.653866,2026-09-22 14:45:05.900273,0 days 00:00:14.246407,256,0.6658755989067018,0.001696242771948872,1,224,1,"{""batch_size"": 256, ""dropout_rate"": 0.6658755989067018, ""learning_rate"": 0.001696242771948872, ""num_layers"": 1, ""num_units"": 224, ""window_size"": 1}",COMPLETE
246,1.073275669452741,2026-09-22 14:45:08.652694,2026-09-22 14:45:31.155896,0 days 00:00:22.503202,32,0.6434076082587337,0.0021508285045391744,2,288,1,"{""batch_size"": 32, ""dropout_rate"": 0.6434076082587337, ""learning_rate"": 0.0021508285045391744, ""num_layers"": 2, ""num_units"": 288, ""window_size"": 1}",COMPLETE
247,1.153716499862266,2026-09-22 14:45:33.929149,2026-09-22 14:45:49.027766,0 days 00:00:15.098617,256,0.6100717546155369,0.0013126723563175518,2,256,2,"{""batch_size"": 256, ""dropout_rate"": 0.6100717546155369, ""learning_rate"": 0.0013126723563175518, ""num_layers"": 2, ""num_units"": 256, ""window_size"": 2}",COMPLETE
248,1.0905495294522813,2026-09-22 14:45:51.768875,2026-09-22 14:46:04.859779,0 days 00:00:13.090904,256,0.6525657365492539,0.0031446796230058215,1,384,1,"{""batch_size"": 256, ""dropout_rate"": 0.6525657365492539, ""learning_rate"": 0.0031446796230058215, ""num_layers"": 1, ""num_units"": 384, ""window_size"": 1}",COMPLETE
249,1.0968480400452567,2026-09-22 14:46:07.597784,2026-09-22 14:46:20.807283,0 days 00:00:13.209499,128,0.691824399625717,0.0027829416931663834,1,320,2,"{""batch_size"": 128, ""dropout_rate"": 0.691824399625717, ""learning_rate"": 0.0027829416931663834, ""num_layers"": 1, ""num_units"": 320, ""window_size"": 2}",COMPLETE
250,1.0487076047969843,2026-09-22 14:46:23.641247,2026-09-22 14:46:38.654371,0 days 00:00:15.013124,256,0.6229793335352201,0.0024595212707610482,1,288,1,"{""batch_size"": 256, ""dropout_rate"": 0.6229793335352201, ""learning_rate"": 0.0024595212707610482, ""num_layers"": 1, ""num_units"": 288, ""window_size"": 1}",COMPLETE
251,1.1585989401356107,2026-09-22 14:46:41.387557,2026-09-22 14:46:55.750266,0 days 00:00:14.362709,256,0.6863099125921324,0.003469496404789611,2,320,2,"{""batch_size"": 256, ""dropout_rate"": 0.6863099125921324, ""learning_rate"": 0.003469496404789611, ""num_layers"": 2, ""num_units"": 320, ""window_size"": 2}",COMPLETE
252,1.084454413768644,2026-09-22 14:46:58.552298,2026-09-22 14:47:11.088434,0 days 00:00:12.536136,128,0.5890173440700026,0.004971493285215807,1,192,1,"{""batch_size"": 128, ""dropout_rate"": 0.5890173440700026, ""learning_rate"": 0.004971493285215807, ""num_layers"": 1, ""num_units"": 192, ""window_size"": 1}",COMPLETE
253,1.057122790691289,2026-09-22 14:47:13.925343,2026-09-22 14:47:32.512968,0 days 00:00:18.587625,32,0.6969178905880349,0.0014199286803723342,1,256,1,"{""batch_size"": 32, ""dropout_rate"": 0.6969178905880349, ""learning_rate"": 0.0014199286803723342, ""num_layers"": 1, ""num_units"": 256, ""window_size"": 1}",COMPLETE
254,1.168876627601308,2026-09-22 14:47:35.303341,2026-09-22 14:47:55.872281,0 days 00:00:20.568940,32,0.6859010370253543,0.0010583627606641226,2,384,2,"{""batch_size"": 32, ""dropout_rate"": 0.6859010370253543, ""learning_rate"": 0.0010583627606641226, ""num_layers"": 2, ""num_units"": 384, ""window_size"": 2}",COMPLETE
255,1.1326552271063466,2026-09-22 14:47:58.679383,2026-09-22 14:48:12.996314,0 days 00:00:14.316931,32,0.6973843359513234,0.001420947209158785,1,192,2,"{""batch_size"": 32, ""dropout_rate"": 0.6973843359513234, ""learning_rate"": 0.001420947209158785, ""num_layers"": 1, ""num_units"": 192, ""window_size"": 2}",COMPLETE
256,1.217932821694885,2026-09-22 14:48:15.811867,2026-09-22 14:48:30.032603,0 days 00:00:14.220736,256,0.6829277901522092,0.0015684320677860223,2,320,3,"{""batch_size"": 256, ""dropout_rate"": 0.6829277901522092, ""learning_rate"": 0.0015684320677860223, ""num_layers"": 2, ""num_units"": 320, ""window_size"": 3}",COMPLETE
257,1.048416548848093,2026-09-22 14:48:32.853870,2026-09-22 14:48:49.367675,0 days 00:00:16.513805,32,0.6578723970362798,0.0012433389978836246,1,256,1,"{""batch_size"": 32, ""dropout_rate"": 0.6578723970362798, ""learning_rate"": 0.0012433389978836246, ""num_layers"": 1, ""num_units"": 256, ""window_size"": 1}",COMPLETE
258,1.0720314927465802,2026-09-22 14:48:52.205036,2026-09-22 14:49:17.130148,0 days 00:00:24.925112,32,0.654428647901445,0.0008752790532801685,2,256,1,"{""batch_size"": 32, ""dropout_rate"": 0.654428647901445, ""learning_rate"": 0.0008752790532801685, ""num_layers"": 2, ""num_units"": 256, ""window_size"": 1}",COMPLETE
259,1.0660102611191484,2026-09-22 14:49:20.012712,2026-09-22 14:49:34.865713,0 days 00:00:14.853001,32,0.6848969156075497,0.0011087180695249315,1,352,1,"{""batch_size"": 32, ""dropout_rate"": 0.6848969156075497, ""learning_rate"": 0.0011087180695249315, ""num_layers"": 1, ""num_units"": 352, ""window_size"": 1}",COMPLETE
260,1.094711927104186,2026-09-22 14:49:37.675592,2026-09-22 14:49:55.388316,0 days 00:00:17.712724,256,0.5752237157187338,0.002555658911481339,3,288,1,"{""batch_size"": 256, ""dropout_rate"": 0.5752237157187338, ""learning_rate"": 0.002555658911481339, ""num_layers"": 3, ""num_units"": 288, ""window_size"": 1}",COMPLETE
261,1.056861010726912,2026-09-22 14:49:58.278759,2026-09-22 14:50:12.791017,0 days 00:00:14.512258,256,0.6661097459479345,0.005880805147495301,1,416,1,"{""batch_size"": 256, ""dropout_rate"": 0.6661097459479345, ""learning_rate"": 0.005880805147495301, ""num_layers"": 1, ""num_units"": 416, ""window_size"": 1}",COMPLETE
262,1.074312981072142,2026-09-22 14:50:15.635153,2026-09-22 14:50:28.238452,0 days 00:00:12.603299,256,0.5572583750527439,0.004696448314833118,1,160,1,"{""batch_size"": 256, ""dropout_rate"": 0.5572583750527439, ""learning_rate"": 0.004696448314833118, ""num_layers"": 1, ""num_units"": 160, ""window_size"": 1}",COMPLETE
263,1.0911872026367868,2026-09-22 14:50:31.075116,2026-09-22 14:50:55.099952,0 days 00:00:24.024836,32,0.6473125287136781,0.0014569924067324123,2,320,1,"{""batch_size"": 32, ""dropout_rate"": 0.6473125287136781, ""learning_rate"": 0.0014569924067324123, ""num_layers"": 2, ""num_units"": 320, ""window_size"": 1}",COMPLETE
264,1.1668848320174237,2026-09-22 14:50:57.966632,2026-09-22 14:51:10.167991,0 days 00:00:12.201359,256,0.5004180698251809,0.0021798631870601566,1,288,3,"{""batch_size"": 256, ""dropout_rate"": 0.5004180698251809, ""learning_rate"": 0.0021798631870601566, ""num_layers"": 1, ""num_units"": 288, ""window_size"": 3}",COMPLETE
265,1.070728292703093,2026-09-22 14:51:13.045367,2026-09-22 14:51:28.306575,0 days 00:00:15.261208,32,0.6504474211496162,0.001021830187316161,1,352,1,"{""batch_size"": 32, ""dropout_rate"": 0.6504474211496162, ""learning_rate"": 0.001021830187316161, ""num_layers"": 1, ""num_units"": 352, ""window_size"": 1}",COMPLETE
266,1.0942241755979263,2026-09-22 14:51:31.137274,2026-09-22 14:51:45.649104,0 days 00:00:14.511830,256,0.5926436109201745,0.003436063910904791,2,320,1,"{""batch_size"": 256, ""dropout_rate"": 0.5926436109201745, ""learning_rate"": 0.003436063910904791, ""num_layers"": 2, ""num_units"": 320, ""window_size"": 1}",COMPLETE
267,1.0742481728951383,2026-09-22 14:51:48.531923,2026-09-22 14:52:08.080207,0 days 00:00:19.548284,256,0.5020177275690869,0.0010643217503598938,3,352,1,"{""batch_size"": 256, ""dropout_rate"": 0.5020177275690869, ""learning_rate"": 0.0010643217503598938, ""num_layers"": 3, ""num_units"": 352, ""window_size"": 1}",COMPLETE
268,1.1014557527153523,2026-09-22 14:52:11.087381,2026-09-22 14:52:32.935936,0 days 00:00:21.848555,256,0.49576907246093727,0.001644061586666298,4,352,1,"{""batch_size"": 256, ""dropout_rate"": 0.49576907246093727, ""learning_rate"": 0.001644061586666298, ""num_layers"": 4, ""num_units"": 352, ""window_size"": 1}",COMPLETE
269,1.2093039081019703,2026-09-22 14:52:35.895793,2026-09-22 14:52:47.490432,0 days 00:00:11.594639,256,0.6560305084002315,0.0014670273305815887,1,224,2,"{""batch_size"": 256, ""dropout_rate"": 0.6560305084002315, ""learning_rate"": 0.0014670273305815887, ""num_layers"": 1, ""num_units"": 224, ""window_size"": 2}",COMPLETE
270,1.1454224804208841,2026-09-22 14:52:50.437020,2026-09-22 14:53:03.639131,0 days 00:00:13.202111,256,0.5919511674259614,0.00393381671088202,1,224,3,"{""batch_size"": 256, ""dropout_rate"": 0.5919511674259614, ""learning_rate"": 0.00393381671088202, ""num_layers"": 1, ""num_units"": 224, ""window_size"": 3}",COMPLETE
271,1.0847254467396883,2026-09-22 14:53:06.634553,2026-09-22 14:53:22.300856,0 days 00:00:15.666303,256,0.6093092173182312,0.003434523090015789,2,256,1,"{""batch_size"": 256, ""dropout_rate"": 0.6093092173182312, ""learning_rate"": 0.003434523090015789, ""num_layers"": 2, ""num_units"": 256, ""window_size"": 1}",COMPLETE
